[DEBUG] 2025-02-27 14:36:33.876 [main] GenericDao - The lis of users [Food{id=1, foodName='Chicken Breast', foodType='Meat', servingSize=1.0 Ounce, calories=37, fat=0.3g, carbs=0.0g, protein=8.5g}, Food{id=2, foodName='White Rice', foodType='Grain', servingSize=1.0 Cup, calories=242, fat=0.4g, carbs=53.0g, protein=4.3g}]
[DEBUG] 2025-02-27 14:36:34.946 [main] GenericDao - The lis of users [User{id=1, accessPrivileges='admin', firstName='Alex', lastName='Burgy', email='aburgy@madisoncollege.edu', userWeight=200 lbs, birthDate='1/01/1984'}]
[DEBUG] 2025-02-27 14:36:35.477 [main] GenericDao - The lis of users [Food{id=1, foodName='Chicken Breast', foodType='Meat', servingSize=1.0 Ounce, calories=37, fat=0.3g, carbs=0.0g, protein=8.5g}, Food{id=2, foodName='White Rice', foodType='Grain', servingSize=1.0 Cup, calories=242, fat=0.4g, carbs=53.0g, protein=4.3g}]
[DEBUG] 2025-02-27 14:36:36.391 [main] GenericDao - The lis of users [UserFood{id=1, date='2025-02-15', servingSize=5.0, mealTime='Lunch', totalCalories=185.0, totalProtein=43.0, totalCarbs=0.0, totalFats=2.0}, UserFood{id=2, date='2025-02-20', servingSize=1.0, mealTime='Lunch', totalCalories=242.0, totalProtein=4.3, totalCarbs=53.0, totalFats=0.4}]
[DEBUG] 2025-02-27 14:42:47.285 [main] GenericDao - The list of [Food{id=1, foodName='Chicken Breast', foodType='Meat', servingSize=1.0 Ounce, calories=37, fat=0.3g, carbs=0.0g, protein=8.5g}, Food{id=2, foodName='White Rice', foodType='Grain', servingSize=1.0 Cup, calories=242, fat=0.4g, carbs=53.0g, protein=4.3g}]
[DEBUG] 2025-02-27 14:42:48.406 [main] GenericDao - The list of [User{id=1, accessPrivileges='admin', firstName='Alex', lastName='Burgy', email='aburgy@madisoncollege.edu', userWeight=200 lbs, birthDate='1/01/1984'}]
[DEBUG] 2025-02-27 14:42:48.968 [main] GenericDao - The list of [Food{id=1, foodName='Chicken Breast', foodType='Meat', servingSize=1.0 Ounce, calories=37, fat=0.3g, carbs=0.0g, protein=8.5g}, Food{id=2, foodName='White Rice', foodType='Grain', servingSize=1.0 Cup, calories=242, fat=0.4g, carbs=53.0g, protein=4.3g}]
[DEBUG] 2025-02-27 14:42:49.814 [main] GenericDao - The list of [UserFood{id=1, date='2025-02-15', servingSize=5.0, mealTime='Lunch', totalCalories=185.0, totalProtein=43.0, totalCarbs=0.0, totalFats=2.0}, UserFood{id=2, date='2025-02-20', servingSize=1.0, mealTime='Lunch', totalCalories=242.0, totalProtein=4.3, totalCarbs=53.0, totalFats=0.4}]
[DEBUG] 2025-02-27 15:01:25.867 [main] GenericDao - The list of [Food{id=1, foodName='Chicken Breast', foodType='Meat', servingSize=1.0 Ounce, calories=37, fat=0.3g, carbs=0.0g, protein=8.5g}, Food{id=2, foodName='White Rice', foodType='Grain', servingSize=1.0 Cup, calories=242, fat=0.4g, carbs=53.0g, protein=4.3g}]
[DEBUG] 2025-02-27 15:01:27.054 [main] GenericDao - The list of [User{id=1, accessPrivileges='admin', firstName='Alex', lastName='Burgy', email='aburgy@madisoncollege.edu', userWeight=200 lbs, birthDate='1/01/1984'}]
[DEBUG] 2025-02-27 15:01:27.599 [main] GenericDao - The list of [Food{id=1, foodName='Chicken Breast', foodType='Meat', servingSize=1.0 Ounce, calories=37, fat=0.3g, carbs=0.0g, protein=8.5g}, Food{id=2, foodName='White Rice', foodType='Grain', servingSize=1.0 Cup, calories=242, fat=0.4g, carbs=53.0g, protein=4.3g}]
[DEBUG] 2025-02-27 15:01:28.368 [main] GenericDao - The list of [UserFood{id=1, date='2025-02-15', servingSize=5.0, mealTime='Lunch', totalCalories=185.0, totalProtein=43.0, totalCarbs=0.0, totalFats=2.0}, UserFood{id=2, date='2025-02-20', servingSize=1.0, mealTime='Lunch', totalCalories=242.0, totalProtein=4.3, totalCarbs=53.0, totalFats=0.4}]
[DEBUG] 2025-02-27 15:01:59.759 [main] GenericDao - The list of [Food{id=1, foodName='Chicken Breast', foodType='Meat', servingSize=1.0 Ounce, calories=37, fat=0.3g, carbs=0.0g, protein=8.5g}, Food{id=2, foodName='White Rice', foodType='Grain', servingSize=1.0 Cup, calories=242, fat=0.4g, carbs=53.0g, protein=4.3g}]
[DEBUG] 2025-02-27 15:02:00.866 [main] GenericDao - The list of [User{id=1, accessPrivileges='admin', firstName='Alex', lastName='Burgy', email='aburgy@madisoncollege.edu', userWeight=200 lbs, birthDate='1/01/1984'}]
[DEBUG] 2025-02-27 15:02:01.384 [main] GenericDao - The list of [Food{id=1, foodName='Chicken Breast', foodType='Meat', servingSize=1.0 Ounce, calories=37, fat=0.3g, carbs=0.0g, protein=8.5g}, Food{id=2, foodName='White Rice', foodType='Grain', servingSize=1.0 Cup, calories=242, fat=0.4g, carbs=53.0g, protein=4.3g}]
[DEBUG] 2025-02-27 15:02:02.234 [main] GenericDao - The list of [UserFood{id=1, date='2025-02-15', servingSize=5.0, mealTime='Lunch', totalCalories=185.0, totalProtein=43.0, totalCarbs=0.0, totalFats=2.0}, UserFood{id=2, date='2025-02-20', servingSize=1.0, mealTime='Lunch', totalCalories=242.0, totalProtein=4.3, totalCarbs=53.0, totalFats=0.4}]
[DEBUG] 2025-02-27 15:03:10.156 [main] GenericDao - The list of [Food{id=1, foodName='Chicken Breast', foodType='Meat', servingSize=1.0 Ounce, calories=37, fat=0.3g, carbs=0.0g, protein=8.5g}, Food{id=2, foodName='White Rice', foodType='Grain', servingSize=1.0 Cup, calories=242, fat=0.4g, carbs=53.0g, protein=4.3g}]
[DEBUG] 2025-02-27 15:03:11.257 [main] GenericDao - The list of [User{id=1, accessPrivileges='admin', firstName='Alex', lastName='Burgy', email='aburgy@madisoncollege.edu', userWeight=200 lbs, birthDate='1/01/1984'}]
[DEBUG] 2025-02-27 15:03:11.810 [main] GenericDao - The list of [Food{id=1, foodName='Chicken Breast', foodType='Meat', servingSize=1.0 Ounce, calories=37, fat=0.3g, carbs=0.0g, protein=8.5g}, Food{id=2, foodName='White Rice', foodType='Grain', servingSize=1.0 Cup, calories=242, fat=0.4g, carbs=53.0g, protein=4.3g}]
[DEBUG] 2025-02-27 15:03:12.637 [main] GenericDao - The list of [UserFood{id=1, date='2025-02-15', servingSize=5.0, mealTime='Lunch', totalCalories=185.0, totalProtein=43.0, totalCarbs=0.0, totalFats=2.0}, UserFood{id=2, date='2025-02-20', servingSize=1.0, mealTime='Lunch', totalCalories=242.0, totalProtein=4.3, totalCarbs=53.0, totalFats=0.4}]
[DEBUG] 2025-02-27 15:13:21.471 [main] GenericDao - The list of [Food{id=1, foodName='Chicken Breast', foodType='Meat', servingSize=1.0 Ounce, calories=37, fat=0.3g, carbs=0.0g, protein=8.5g}, Food{id=2, foodName='White Rice', foodType='Grain', servingSize=1.0 Cup, calories=242, fat=0.4g, carbs=53.0g, protein=4.3g}]
[DEBUG] 2025-02-27 15:13:22.520 [main] GenericDao - The list of [User{id=1, accessPrivileges='admin', firstName='Alex', lastName='Burgy', email='aburgy@madisoncollege.edu', userWeight=200 lbs, birthDate='1/01/1984'}]
[DEBUG] 2025-02-27 15:13:23.027 [main] GenericDao - The list of [Food{id=1, foodName='Chicken Breast', foodType='Meat', servingSize=1.0 Ounce, calories=37, fat=0.3g, carbs=0.0g, protein=8.5g}, Food{id=2, foodName='White Rice', foodType='Grain', servingSize=1.0 Cup, calories=242, fat=0.4g, carbs=53.0g, protein=4.3g}]
[DEBUG] 2025-02-27 15:13:23.846 [main] GenericDao - The list of [UserFood{id=1, date='2025-02-15', servingSize=5.0, mealTime='Lunch', totalCalories=185.0, totalProtein=43.0, totalCarbs=0.0, totalFats=2.0}, UserFood{id=2, date='2025-02-20', servingSize=1.0, mealTime='Lunch', totalCalories=242.0, totalProtein=4.3, totalCarbs=53.0, totalFats=0.4}]
[DEBUG] 2025-02-27 15:19:37.115 [main] GenericDao - The list of [Food{id=1, foodName='Chicken Breast', foodType='Meat', servingSize=1.0 Ounce, calories=37, fat=0.3g, carbs=0.0g, protein=8.5g}, Food{id=2, foodName='White Rice', foodType='Grain', servingSize=1.0 Cup, calories=242, fat=0.4g, carbs=53.0g, protein=4.3g}]
[DEBUG] 2025-02-27 15:19:40.354 [main] GenericDao - The list of [User{id=1, accessPrivileges='admin', firstName='Alex', lastName='Burgy', email='aburgy@madisoncollege.edu', userWeight=200 lbs, birthDate='1/01/1984'}]
[DEBUG] 2025-02-27 15:19:41.513 [main] GenericDao - The list of [Food{id=1, foodName='Chicken Breast', foodType='Meat', servingSize=1.0 Ounce, calories=37, fat=0.3g, carbs=0.0g, protein=8.5g}, Food{id=2, foodName='White Rice', foodType='Grain', servingSize=1.0 Cup, calories=242, fat=0.4g, carbs=53.0g, protein=4.3g}]
[DEBUG] 2025-02-27 15:19:43.246 [main] GenericDao - The list of [UserFood{id=1, date='2025-02-15', servingSize=5.0, mealTime='Lunch', totalCalories=185.0, totalProtein=43.0, totalCarbs=0.0, totalFats=2.0}, UserFood{id=2, date='2025-02-20', servingSize=1.0, mealTime='Lunch', totalCalories=242.0, totalProtein=4.3, totalCarbs=53.0, totalFats=0.4}]
[DEBUG] 2025-02-27 15:20:51.435 [main] GenericDao - The list of [Food{id=1, foodName='Chicken Breast', foodType='Meat', servingSize=1.0 Ounce, calories=37, fat=0.3g, carbs=0.0g, protein=8.5g}, Food{id=2, foodName='White Rice', foodType='Grain', servingSize=1.0 Cup, calories=242, fat=0.4g, carbs=53.0g, protein=4.3g}]
[DEBUG] 2025-02-27 15:20:52.551 [main] GenericDao - The list of [User{id=1, accessPrivileges='admin', firstName='Alex', lastName='Burgy', email='aburgy@madisoncollege.edu', userWeight=200 lbs, birthDate='1/01/1984'}]
[DEBUG] 2025-02-27 15:20:53.068 [main] GenericDao - The list of [Food{id=1, foodName='Chicken Breast', foodType='Meat', servingSize=1.0 Ounce, calories=37, fat=0.3g, carbs=0.0g, protein=8.5g}, Food{id=2, foodName='White Rice', foodType='Grain', servingSize=1.0 Cup, calories=242, fat=0.4g, carbs=53.0g, protein=4.3g}]
[DEBUG] 2025-02-27 15:20:53.961 [main] GenericDao - The list of [UserFood{id=1, date='2025-02-15', servingSize=5.0, mealTime='Lunch', totalCalories=185.0, totalProtein=43.0, totalCarbs=0.0, totalFats=2.0}, UserFood{id=2, date='2025-02-20', servingSize=1.0, mealTime='Lunch', totalCalories=242.0, totalProtein=4.3, totalCarbs=53.0, totalFats=0.4}]
[DEBUG] 2025-02-27 15:22:34.629 [main] GenericDao - The list of [Food{id=1, foodName='Chicken Breast', foodType='Meat', servingSize=1.0 Ounce, calories=37, fat=0.3g, carbs=0.0g, protein=8.5g}, Food{id=2, foodName='White Rice', foodType='Grain', servingSize=1.0 Cup, calories=242, fat=0.4g, carbs=53.0g, protein=4.3g}]
[DEBUG] 2025-02-27 15:22:35.787 [main] GenericDao - The list of [User{id=1, accessPrivileges='admin', firstName='Alex', lastName='Burgy', email='aburgy@madisoncollege.edu', userWeight=200 lbs, birthDate='1/01/1984'}]
[DEBUG] 2025-02-27 15:22:36.305 [main] GenericDao - The list of [Food{id=1, foodName='Chicken Breast', foodType='Meat', servingSize=1.0 Ounce, calories=37, fat=0.3g, carbs=0.0g, protein=8.5g}, Food{id=2, foodName='White Rice', foodType='Grain', servingSize=1.0 Cup, calories=242, fat=0.4g, carbs=53.0g, protein=4.3g}]
[DEBUG] 2025-02-27 15:22:37.083 [main] GenericDao - The list of [UserFood{id=1, date='2025-02-15', servingSize=5.0, mealTime='Lunch', totalCalories=185.0, totalProtein=43.0, totalCarbs=0.0, totalFats=2.0}, UserFood{id=2, date='2025-02-20', servingSize=1.0, mealTime='Lunch', totalCalories=242.0, totalProtein=4.3, totalCarbs=53.0, totalFats=0.4}]
[DEBUG] 2025-02-27 15:25:49.315 [main] GenericDao - The list of [Food{id=1, foodName='Chicken Breast', foodType='Meat', servingSize=1.0 Ounce, calories=37, fat=0.3g, carbs=0.0g, protein=8.5g}, Food{id=2, foodName='White Rice', foodType='Grain', servingSize=1.0 Cup, calories=242, fat=0.4g, carbs=53.0g, protein=4.3g}]
[DEBUG] 2025-02-27 15:25:50.462 [main] GenericDao - The list of [User{id=1, accessPrivileges='admin', firstName='Alex', lastName='Burgy', email='aburgy@madisoncollege.edu', userWeight=200 lbs, birthDate='1/01/1984'}]
[DEBUG] 2025-02-27 15:25:51.019 [main] GenericDao - The list of [Food{id=1, foodName='Chicken Breast', foodType='Meat', servingSize=1.0 Ounce, calories=37, fat=0.3g, carbs=0.0g, protein=8.5g}, Food{id=2, foodName='White Rice', foodType='Grain', servingSize=1.0 Cup, calories=242, fat=0.4g, carbs=53.0g, protein=4.3g}]
[DEBUG] 2025-02-27 15:25:51.833 [main] GenericDao - The list of [UserFood{id=1, date='2025-02-15', servingSize=5.0, mealTime='Lunch', totalCalories=185.0, totalProtein=43.0, totalCarbs=0.0, totalFats=2.0}, UserFood{id=2, date='2025-02-20', servingSize=1.0, mealTime='Lunch', totalCalories=242.0, totalProtein=4.3, totalCarbs=53.0, totalFats=0.4}]
[DEBUG] 2025-02-27 15:26:42.592 [main] GenericDao - The list of [Food{id=1, foodName='Chicken Breast', foodType='Meat', servingSize=1.0 Ounce, calories=37, fat=0.3g, carbs=0.0g, protein=8.5g}, Food{id=2, foodName='White Rice', foodType='Grain', servingSize=1.0 Cup, calories=242, fat=0.4g, carbs=53.0g, protein=4.3g}]
[DEBUG] 2025-02-27 15:26:43.822 [main] GenericDao - The list of [User{id=1, accessPrivileges='admin', firstName='Alex', lastName='Burgy', email='aburgy@madisoncollege.edu', userWeight=200 lbs, birthDate='1/01/1984'}]
[DEBUG] 2025-02-27 15:26:44.424 [main] GenericDao - The list of [Food{id=1, foodName='Chicken Breast', foodType='Meat', servingSize=1.0 Ounce, calories=37, fat=0.3g, carbs=0.0g, protein=8.5g}, Food{id=2, foodName='White Rice', foodType='Grain', servingSize=1.0 Cup, calories=242, fat=0.4g, carbs=53.0g, protein=4.3g}]
[DEBUG] 2025-02-27 15:26:45.292 [main] GenericDao - The list of [UserFood{id=1, date='2025-02-15', servingSize=5.0, mealTime='Lunch', totalCalories=185.0, totalProtein=43.0, totalCarbs=0.0, totalFats=2.0}, UserFood{id=2, date='2025-02-20', servingSize=1.0, mealTime='Lunch', totalCalories=242.0, totalProtein=4.3, totalCarbs=53.0, totalFats=0.4}]
[DEBUG] 2025-02-27 15:28:32.919 [main] GenericDao - The list of [Food{id=1, foodName='Chicken Breast', foodType='Meat', servingSize=1.0 Ounce, calories=37, fat=0.3g, carbs=0.0g, protein=8.5g}, Food{id=2, foodName='White Rice', foodType='Grain', servingSize=1.0 Cup, calories=242, fat=0.4g, carbs=53.0g, protein=4.3g}]
[DEBUG] 2025-02-27 15:28:34.052 [main] GenericDao - The list of [User{id=1, accessPrivileges='admin', firstName='Alex', lastName='Burgy', email='aburgy@madisoncollege.edu', userWeight=200 lbs, birthDate='1/01/1984'}]
[DEBUG] 2025-02-27 15:28:34.603 [main] GenericDao - The list of [Food{id=1, foodName='Chicken Breast', foodType='Meat', servingSize=1.0 Ounce, calories=37, fat=0.3g, carbs=0.0g, protein=8.5g}, Food{id=2, foodName='White Rice', foodType='Grain', servingSize=1.0 Cup, calories=242, fat=0.4g, carbs=53.0g, protein=4.3g}]
[DEBUG] 2025-02-27 15:28:35.379 [main] GenericDao - The list of [UserFood{id=1, date='2025-02-15', servingSize=5.0, mealTime='Lunch', totalCalories=185.0, totalProtein=43.0, totalCarbs=0.0, totalFats=2.0}, UserFood{id=2, date='2025-02-20', servingSize=1.0, mealTime='Lunch', totalCalories=242.0, totalProtein=4.3, totalCarbs=53.0, totalFats=0.4}]
[DEBUG] 2025-02-27 15:30:23.273 [main] GenericDao - The list of [Food{id=1, foodName='Chicken Breast', foodType='Meat', servingSize=1.0 Ounce, calories=37, fat=0.3g, carbs=0.0g, protein=8.5g}, Food{id=2, foodName='White Rice', foodType='Grain', servingSize=1.0 Cup, calories=242, fat=0.4g, carbs=53.0g, protein=4.3g}]
[DEBUG] 2025-02-27 15:30:26.605 [main] GenericDao - The list of [User{id=1, accessPrivileges='admin', firstName='Alex', lastName='Burgy', email='aburgy@madisoncollege.edu', userWeight=200 lbs, birthDate='1/01/1984'}]
[DEBUG] 2025-02-27 15:30:27.973 [main] GenericDao - The list of [Food{id=1, foodName='Chicken Breast', foodType='Meat', servingSize=1.0 Ounce, calories=37, fat=0.3g, carbs=0.0g, protein=8.5g}, Food{id=2, foodName='White Rice', foodType='Grain', servingSize=1.0 Cup, calories=242, fat=0.4g, carbs=53.0g, protein=4.3g}]
[DEBUG] 2025-02-27 15:30:29.802 [main] GenericDao - The list of [UserFood{id=1, date='2025-02-15', servingSize=5.0, mealTime='Lunch', totalCalories=185.0, totalProtein=43.0, totalCarbs=0.0, totalFats=2.0}, UserFood{id=2, date='2025-02-20', servingSize=1.0, mealTime='Lunch', totalCalories=242.0, totalProtein=4.3, totalCarbs=53.0, totalFats=0.4}]
[DEBUG] 2025-02-27 15:42:39.744 [main] GenericDao - The list of [Food{id=1, foodName='Chicken Breast', foodType='Meat', servingSize=1.0 Ounce, calories=37, fat=0.3g, carbs=0.0g, protein=8.5g}, Food{id=2, foodName='White Rice', foodType='Grain', servingSize=1.0 Cup, calories=242, fat=0.4g, carbs=53.0g, protein=4.3g}]
[DEBUG] 2025-02-27 15:42:40.965 [main] GenericDao - The list of [User{id=1, accessPrivileges='admin', firstName='Alex', lastName='Burgy', email='aburgy@madisoncollege.edu', userWeight=200 lbs, birthDate='1/01/1984'}]
[DEBUG] 2025-02-27 15:42:41.515 [main] GenericDao - The list of [Food{id=1, foodName='Chicken Breast', foodType='Meat', servingSize=1.0 Ounce, calories=37, fat=0.3g, carbs=0.0g, protein=8.5g}, Food{id=2, foodName='White Rice', foodType='Grain', servingSize=1.0 Cup, calories=242, fat=0.4g, carbs=53.0g, protein=4.3g}]
[DEBUG] 2025-02-27 15:42:42.304 [main] GenericDao - The list of [UserFood{id=1, date='2025-02-15', servingSize=5.0, mealTime='Lunch', totalCalories=185.0, totalProtein=43.0, totalCarbs=0.0, totalFats=2.0}, UserFood{id=2, date='2025-02-20', servingSize=1.0, mealTime='Lunch', totalCalories=242.0, totalProtein=4.3, totalCarbs=53.0, totalFats=0.4}]
[DEBUG] 2025-02-27 16:00:00.537 [main] GenericDao - The list of [Food{id=1, foodName='Chicken Breast', foodType='Meat', servingSize=1.0 Ounce, calories=37, fat=0.3g, carbs=0.0g, protein=8.5g}, Food{id=2, foodName='White Rice', foodType='Grain', servingSize=1.0 Cup, calories=242, fat=0.4g, carbs=53.0g, protein=4.3g}]
[DEBUG] 2025-02-27 16:00:01.693 [main] GenericDao - The list of [User{id=1, accessPrivileges='admin', firstName='Alex', lastName='Burgy', email='aburgy@madisoncollege.edu', userWeight=200 lbs, birthDate='1/01/1984'}]
[DEBUG] 2025-02-27 16:00:02.288 [main] GenericDao - The list of [Food{id=1, foodName='Chicken Breast', foodType='Meat', servingSize=1.0 Ounce, calories=37, fat=0.3g, carbs=0.0g, protein=8.5g}, Food{id=2, foodName='White Rice', foodType='Grain', servingSize=1.0 Cup, calories=242, fat=0.4g, carbs=53.0g, protein=4.3g}]
[DEBUG] 2025-02-27 16:00:03.095 [main] GenericDao - The list of [UserFood{id=1, date='2025-02-15', servingSize=5.0, mealTime='Lunch', totalCalories=185.0, totalProtein=43.0, totalCarbs=0.0, totalFats=2.0}, UserFood{id=2, date='2025-02-20', servingSize=1.0, mealTime='Lunch', totalCalories=242.0, totalProtein=4.3, totalCarbs=53.0, totalFats=0.4}]
[DEBUG] 2025-02-27 16:00:47.840 [main] GenericDao - The list of [Food{id=1, foodName='Chicken Breast', foodType='Meat', servingSize=1.0 Ounce, calories=37, fat=0.3g, carbs=0.0g, protein=8.5g}, Food{id=2, foodName='White Rice', foodType='Grain', servingSize=1.0 Cup, calories=242, fat=0.4g, carbs=53.0g, protein=4.3g}]
[DEBUG] 2025-02-27 16:00:48.958 [main] GenericDao - The list of [User{id=1, accessPrivileges='admin', firstName='Alex', lastName='Burgy', email='aburgy@madisoncollege.edu', userWeight=200 lbs, birthDate='1/01/1984'}]
[DEBUG] 2025-02-27 16:00:49.494 [main] GenericDao - The list of [Food{id=1, foodName='Chicken Breast', foodType='Meat', servingSize=1.0 Ounce, calories=37, fat=0.3g, carbs=0.0g, protein=8.5g}, Food{id=2, foodName='White Rice', foodType='Grain', servingSize=1.0 Cup, calories=242, fat=0.4g, carbs=53.0g, protein=4.3g}]
[DEBUG] 2025-02-27 16:00:50.385 [main] GenericDao - The list of [UserFood{id=1, date='2025-02-15', servingSize=5.0, mealTime='Lunch', totalCalories=185.0, totalProtein=43.0, totalCarbs=0.0, totalFats=2.0}, UserFood{id=2, date='2025-02-20', servingSize=1.0, mealTime='Lunch', totalCalories=242.0, totalProtein=4.3, totalCarbs=53.0, totalFats=0.4}]
[DEBUG] 2025-02-27 16:01:09.198 [main] GenericDao - The list of [Food{id=1, foodName='Chicken Breast', foodType='Meat', servingSize=1.0 Ounce, calories=37, fat=0.3g, carbs=0.0g, protein=8.5g}, Food{id=2, foodName='White Rice', foodType='Grain', servingSize=1.0 Cup, calories=242, fat=0.4g, carbs=53.0g, protein=4.3g}]
[DEBUG] 2025-02-27 16:01:10.342 [main] GenericDao - The list of [User{id=1, accessPrivileges='admin', firstName='Alex', lastName='Burgy', email='aburgy@madisoncollege.edu', userWeight=200 lbs, birthDate='1/01/1984'}]
[DEBUG] 2025-02-27 16:01:10.883 [main] GenericDao - The list of [Food{id=1, foodName='Chicken Breast', foodType='Meat', servingSize=1.0 Ounce, calories=37, fat=0.3g, carbs=0.0g, protein=8.5g}, Food{id=2, foodName='White Rice', foodType='Grain', servingSize=1.0 Cup, calories=242, fat=0.4g, carbs=53.0g, protein=4.3g}]
[DEBUG] 2025-02-27 16:01:11.701 [main] GenericDao - The list of [UserFood{id=1, date='2025-02-15', servingSize=5.0, mealTime='Lunch', totalCalories=185.0, totalProtein=43.0, totalCarbs=0.0, totalFats=2.0}, UserFood{id=2, date='2025-02-20', servingSize=1.0, mealTime='Lunch', totalCalories=242.0, totalProtein=4.3, totalCarbs=53.0, totalFats=0.4}]
[DEBUG] 2025-02-27 16:06:29.938 [main] GenericDao - The list of [Food{id=1, foodName='Chicken Breast', foodType='Meat', servingSize=1.0 Ounce, calories=37, fat=0.3g, carbs=0.0g, protein=8.5g}, Food{id=2, foodName='White Rice', foodType='Grain', servingSize=1.0 Cup, calories=242, fat=0.4g, carbs=53.0g, protein=4.3g}]
[DEBUG] 2025-02-27 16:06:31.079 [main] GenericDao - The list of [User{id=1, accessPrivileges='admin', firstName='Alex', lastName='Burgy', email='aburgy@madisoncollege.edu', userWeight=200 lbs, birthDate='1/01/1984'}]
[DEBUG] 2025-02-27 16:06:31.620 [main] GenericDao - The list of [Food{id=1, foodName='Chicken Breast', foodType='Meat', servingSize=1.0 Ounce, calories=37, fat=0.3g, carbs=0.0g, protein=8.5g}, Food{id=2, foodName='White Rice', foodType='Grain', servingSize=1.0 Cup, calories=242, fat=0.4g, carbs=53.0g, protein=4.3g}]
[DEBUG] 2025-02-27 16:06:32.493 [main] GenericDao - The list of [UserFood{id=1, date='2025-02-15', servingSize=5.0, mealTime='Lunch', totalCalories=185.0, totalProtein=43.0, totalCarbs=0.0, totalFats=2.0}, UserFood{id=2, date='2025-02-20', servingSize=1.0, mealTime='Lunch', totalCalories=242.0, totalProtein=4.3, totalCarbs=53.0, totalFats=0.4}]
[DEBUG] 2025-02-27 16:08:33.510 [main] GenericDao - The list of [Food{id=1, foodName='Chicken Breast', foodType='Meat', servingSize=1.0 Ounce, calories=37, fat=0.3g, carbs=0.0g, protein=8.5g}, Food{id=2, foodName='White Rice', foodType='Grain', servingSize=1.0 Cup, calories=242, fat=0.4g, carbs=53.0g, protein=4.3g}]
[DEBUG] 2025-02-27 16:08:34.670 [main] GenericDao - The list of [User{id=1, accessPrivileges='admin', firstName='Alex', lastName='Burgy', email='aburgy@madisoncollege.edu', userWeight=200 lbs, birthDate='1/01/1984'}]
[DEBUG] 2025-02-27 16:08:35.224 [main] GenericDao - The list of [Food{id=1, foodName='Chicken Breast', foodType='Meat', servingSize=1.0 Ounce, calories=37, fat=0.3g, carbs=0.0g, protein=8.5g}, Food{id=2, foodName='White Rice', foodType='Grain', servingSize=1.0 Cup, calories=242, fat=0.4g, carbs=53.0g, protein=4.3g}]
[DEBUG] 2025-02-27 16:08:36.071 [main] GenericDao - The list of [UserFood{id=1, date='2025-02-15', servingSize=5.0, mealTime='Lunch', totalCalories=185.0, totalProtein=43.0, totalCarbs=0.0, totalFats=2.0}, UserFood{id=2, date='2025-02-20', servingSize=1.0, mealTime='Lunch', totalCalories=242.0, totalProtein=4.3, totalCarbs=53.0, totalFats=0.4}]
[DEBUG] 2025-02-27 16:09:30.711 [main] GenericDao - The list of [Food{id=1, foodName='Chicken Breast', foodType='Meat', servingSize=1.0 Ounce, calories=37, fat=0.3g, carbs=0.0g, protein=8.5g}, Food{id=2, foodName='White Rice', foodType='Grain', servingSize=1.0 Cup, calories=242, fat=0.4g, carbs=53.0g, protein=4.3g}]
[DEBUG] 2025-02-27 16:09:31.863 [main] GenericDao - The list of [User{id=1, accessPrivileges='admin', firstName='Alex', lastName='Burgy', email='aburgy@madisoncollege.edu', userWeight=200 lbs, birthDate='1/01/1984'}]
[DEBUG] 2025-02-27 16:09:32.400 [main] GenericDao - The list of [Food{id=1, foodName='Chicken Breast', foodType='Meat', servingSize=1.0 Ounce, calories=37, fat=0.3g, carbs=0.0g, protein=8.5g}, Food{id=2, foodName='White Rice', foodType='Grain', servingSize=1.0 Cup, calories=242, fat=0.4g, carbs=53.0g, protein=4.3g}]
[DEBUG] 2025-02-27 16:09:33.199 [main] GenericDao - The list of [UserFood{id=1, date='2025-02-15', servingSize=5.0, mealTime='Lunch', totalCalories=185.0, totalProtein=43.0, totalCarbs=0.0, totalFats=2.0}, UserFood{id=2, date='2025-02-20', servingSize=1.0, mealTime='Lunch', totalCalories=242.0, totalProtein=4.3, totalCarbs=53.0, totalFats=0.4}]
[DEBUG] 2025-02-27 16:12:20.271 [main] GenericDao - The list of [Food{id=1, foodName='Chicken Breast', foodType='Meat', servingSize=1.0 Ounce, calories=37, fat=0.3g, carbs=0.0g, protein=8.5g}, Food{id=2, foodName='White Rice', foodType='Grain', servingSize=1.0 Cup, calories=242, fat=0.4g, carbs=53.0g, protein=4.3g}]
[DEBUG] 2025-02-27 16:12:21.409 [main] GenericDao - The list of [User{id=1, accessPrivileges='admin', firstName='Alex', lastName='Burgy', email='aburgy@madisoncollege.edu', userWeight=200 lbs, birthDate='1/01/1984'}]
[DEBUG] 2025-02-27 16:12:21.968 [main] GenericDao - The list of [Food{id=1, foodName='Chicken Breast', foodType='Meat', servingSize=1.0 Ounce, calories=37, fat=0.3g, carbs=0.0g, protein=8.5g}, Food{id=2, foodName='White Rice', foodType='Grain', servingSize=1.0 Cup, calories=242, fat=0.4g, carbs=53.0g, protein=4.3g}]
[DEBUG] 2025-02-27 16:12:22.818 [main] GenericDao - The list of [UserFood{id=1, date='2025-02-15', servingSize=5.0, mealTime='Lunch', totalCalories=185.0, totalProtein=43.0, totalCarbs=0.0, totalFats=2.0}, UserFood{id=2, date='2025-02-20', servingSize=1.0, mealTime='Lunch', totalCalories=242.0, totalProtein=4.3, totalCarbs=53.0, totalFats=0.4}]
[DEBUG] 2025-02-27 16:13:04.426 [main] GenericDao - The list of [Food{id=1, foodName='Chicken Breast', foodType='Meat', servingSize=1.0 Ounce, calories=37, fat=0.3g, carbs=0.0g, protein=8.5g}, Food{id=2, foodName='White Rice', foodType='Grain', servingSize=1.0 Cup, calories=242, fat=0.4g, carbs=53.0g, protein=4.3g}]
[DEBUG] 2025-02-27 16:13:05.589 [main] GenericDao - The list of [User{id=1, accessPrivileges='admin', firstName='Alex', lastName='Burgy', email='aburgy@madisoncollege.edu', userWeight=200 lbs, birthDate='1/01/1984'}]
[DEBUG] 2025-02-27 16:13:06.118 [main] GenericDao - The list of [Food{id=1, foodName='Chicken Breast', foodType='Meat', servingSize=1.0 Ounce, calories=37, fat=0.3g, carbs=0.0g, protein=8.5g}, Food{id=2, foodName='White Rice', foodType='Grain', servingSize=1.0 Cup, calories=242, fat=0.4g, carbs=53.0g, protein=4.3g}]
[DEBUG] 2025-02-27 16:13:06.915 [main] GenericDao - The list of [UserFood{id=1, date='2025-02-15', servingSize=5.0, mealTime='Lunch', totalCalories=185.0, totalProtein=43.0, totalCarbs=0.0, totalFats=2.0}, UserFood{id=2, date='2025-02-20', servingSize=1.0, mealTime='Lunch', totalCalories=242.0, totalProtein=4.3, totalCarbs=53.0, totalFats=0.4}]
[DEBUG] 2025-02-27 16:15:09.147 [main] GenericDao - The list of [Food{id=1, foodName='Chicken Breast', foodType='Meat', servingSize=1.0 Ounce, calories=37, fat=0.3g, carbs=0.0g, protein=8.5g}, Food{id=2, foodName='White Rice', foodType='Grain', servingSize=1.0 Cup, calories=242, fat=0.4g, carbs=53.0g, protein=4.3g}]
[DEBUG] 2025-02-27 16:15:10.255 [main] GenericDao - The list of [User{id=1, accessPrivileges='admin', firstName='Alex', lastName='Burgy', email='aburgy@madisoncollege.edu', userWeight=200 lbs, birthDate='1/01/1984'}]
[DEBUG] 2025-02-27 16:15:10.793 [main] GenericDao - The list of [Food{id=1, foodName='Chicken Breast', foodType='Meat', servingSize=1.0 Ounce, calories=37, fat=0.3g, carbs=0.0g, protein=8.5g}, Food{id=2, foodName='White Rice', foodType='Grain', servingSize=1.0 Cup, calories=242, fat=0.4g, carbs=53.0g, protein=4.3g}]
[DEBUG] 2025-02-27 16:15:11.580 [main] GenericDao - The list of [UserFood{id=1, date='2025-02-15', servingSize=5.0, mealTime='Lunch', totalCalories=185.0, totalProtein=43.0, totalCarbs=0.0, totalFats=2.0}, UserFood{id=2, date='2025-02-20', servingSize=1.0, mealTime='Lunch', totalCalories=242.0, totalProtein=4.3, totalCarbs=53.0, totalFats=0.4}]
[DEBUG] 2025-02-27 16:16:15.637 [main] GenericDao - The list of [Food{id=1, foodName='Chicken Breast', foodType='Meat', servingSize=1.0 Ounce, calories=37, fat=0.3g, carbs=0.0g, protein=8.5g}, Food{id=2, foodName='White Rice', foodType='Grain', servingSize=1.0 Cup, calories=242, fat=0.4g, carbs=53.0g, protein=4.3g}]
[DEBUG] 2025-02-27 16:16:16.746 [main] GenericDao - The list of [User{id=1, accessPrivileges='admin', firstName='Alex', lastName='Burgy', email='aburgy@madisoncollege.edu', userWeight=200 lbs, birthDate='1/01/1984'}]
[DEBUG] 2025-02-27 16:16:17.274 [main] GenericDao - The list of [Food{id=1, foodName='Chicken Breast', foodType='Meat', servingSize=1.0 Ounce, calories=37, fat=0.3g, carbs=0.0g, protein=8.5g}, Food{id=2, foodName='White Rice', foodType='Grain', servingSize=1.0 Cup, calories=242, fat=0.4g, carbs=53.0g, protein=4.3g}]
[DEBUG] 2025-02-27 16:16:18.066 [main] GenericDao - The list of [UserFood{id=1, date='2025-02-15', servingSize=5.0, mealTime='Lunch', totalCalories=185.0, totalProtein=43.0, totalCarbs=0.0, totalFats=2.0}, UserFood{id=2, date='2025-02-20', servingSize=1.0, mealTime='Lunch', totalCalories=242.0, totalProtein=4.3, totalCarbs=53.0, totalFats=0.4}]
[DEBUG] 2025-02-27 16:17:42.620 [main] GenericDao - The list of [Food{id=1, foodName='Chicken Breast', foodType='Meat', servingSize=1.0 Ounce, calories=37, fat=0.3g, carbs=0.0g, protein=8.5g}, Food{id=2, foodName='White Rice', foodType='Grain', servingSize=1.0 Cup, calories=242, fat=0.4g, carbs=53.0g, protein=4.3g}]
[DEBUG] 2025-02-27 16:17:43.941 [main] GenericDao - The list of [User{id=1, accessPrivileges='admin', firstName='Alex', lastName='Burgy', email='aburgy@madisoncollege.edu', userWeight=200 lbs, birthDate='1/01/1984'}]
[DEBUG] 2025-02-27 16:17:44.471 [main] GenericDao - The list of [Food{id=1, foodName='Chicken Breast', foodType='Meat', servingSize=1.0 Ounce, calories=37, fat=0.3g, carbs=0.0g, protein=8.5g}, Food{id=2, foodName='White Rice', foodType='Grain', servingSize=1.0 Cup, calories=242, fat=0.4g, carbs=53.0g, protein=4.3g}]
[DEBUG] 2025-02-27 16:17:45.295 [main] GenericDao - The list of [UserFood{id=1, date='2025-02-15', servingSize=5.0, mealTime='Lunch', totalCalories=185.0, totalProtein=43.0, totalCarbs=0.0, totalFats=2.0}, UserFood{id=2, date='2025-02-20', servingSize=1.0, mealTime='Lunch', totalCalories=242.0, totalProtein=4.3, totalCarbs=53.0, totalFats=0.4}]
[DEBUG] 2025-02-27 16:18:51.392 [main] GenericDao - The list of [Food{id=1, foodName='Chicken Breast', foodType='Meat', servingSize=1.0 Ounce, calories=37, fat=0.3g, carbs=0.0g, protein=8.5g}, Food{id=2, foodName='White Rice', foodType='Grain', servingSize=1.0 Cup, calories=242, fat=0.4g, carbs=53.0g, protein=4.3g}]
[DEBUG] 2025-02-27 16:18:52.481 [main] GenericDao - The list of [User{id=1, accessPrivileges='admin', firstName='Alex', lastName='Burgy', email='aburgy@madisoncollege.edu', userWeight=200 lbs, birthDate='1/01/1984'}]
[DEBUG] 2025-02-27 16:18:52.989 [main] GenericDao - The list of [Food{id=1, foodName='Chicken Breast', foodType='Meat', servingSize=1.0 Ounce, calories=37, fat=0.3g, carbs=0.0g, protein=8.5g}, Food{id=2, foodName='White Rice', foodType='Grain', servingSize=1.0 Cup, calories=242, fat=0.4g, carbs=53.0g, protein=4.3g}]
[DEBUG] 2025-02-27 16:18:53.826 [main] GenericDao - The list of [UserFood{id=1, date='2025-02-15', servingSize=5.0, mealTime='Lunch', totalCalories=185.0, totalProtein=43.0, totalCarbs=0.0, totalFats=2.0}, UserFood{id=2, date='2025-02-20', servingSize=1.0, mealTime='Lunch', totalCalories=242.0, totalProtein=4.3, totalCarbs=53.0, totalFats=0.4}]
[DEBUG] 2025-02-27 16:19:25.818 [main] GenericDao - The list of [Food{id=1, foodName='Chicken Breast', foodType='Meat', servingSize=1.0 Ounce, calories=37, fat=0.3g, carbs=0.0g, protein=8.5g}, Food{id=2, foodName='White Rice', foodType='Grain', servingSize=1.0 Cup, calories=242, fat=0.4g, carbs=53.0g, protein=4.3g}]
[DEBUG] 2025-02-27 16:19:26.994 [main] GenericDao - The list of [User{id=1, accessPrivileges='admin', firstName='Alex', lastName='Burgy', email='aburgy@madisoncollege.edu', userWeight=200 lbs, birthDate='1/01/1984'}]
[DEBUG] 2025-02-27 16:19:27.547 [main] GenericDao - The list of [Food{id=1, foodName='Chicken Breast', foodType='Meat', servingSize=1.0 Ounce, calories=37, fat=0.3g, carbs=0.0g, protein=8.5g}, Food{id=2, foodName='White Rice', foodType='Grain', servingSize=1.0 Cup, calories=242, fat=0.4g, carbs=53.0g, protein=4.3g}]
[DEBUG] 2025-02-27 16:19:28.351 [main] GenericDao - The list of [UserFood{id=1, date='2025-02-15', servingSize=5.0, mealTime='Lunch', totalCalories=185.0, totalProtein=43.0, totalCarbs=0.0, totalFats=2.0}, UserFood{id=2, date='2025-02-20', servingSize=1.0, mealTime='Lunch', totalCalories=242.0, totalProtein=4.3, totalCarbs=53.0, totalFats=0.4}]
[DEBUG] 2025-02-27 16:20:53.755 [main] GenericDao - The list of [Food{id=1, foodName='Chicken Breast', foodType='Meat', servingSize=1.0 Ounce, calories=37, fat=0.3g, carbs=0.0g, protein=8.5g}, Food{id=2, foodName='White Rice', foodType='Grain', servingSize=1.0 Cup, calories=242, fat=0.4g, carbs=53.0g, protein=4.3g}]
[DEBUG] 2025-02-27 16:20:54.939 [main] GenericDao - The list of [User{id=1, accessPrivileges='admin', firstName='Alex', lastName='Burgy', email='aburgy@madisoncollege.edu', userWeight=200 lbs, birthDate='1/01/1984'}]
[DEBUG] 2025-02-27 16:20:55.499 [main] GenericDao - The list of [Food{id=1, foodName='Chicken Breast', foodType='Meat', servingSize=1.0 Ounce, calories=37, fat=0.3g, carbs=0.0g, protein=8.5g}, Food{id=2, foodName='White Rice', foodType='Grain', servingSize=1.0 Cup, calories=242, fat=0.4g, carbs=53.0g, protein=4.3g}]
[DEBUG] 2025-02-27 16:20:56.394 [main] GenericDao - The list of [UserFood{id=1, date='2025-02-15', servingSize=5.0, mealTime='Lunch', totalCalories=185.0, totalProtein=43.0, totalCarbs=0.0, totalFats=2.0}, UserFood{id=2, date='2025-02-20', servingSize=1.0, mealTime='Lunch', totalCalories=242.0, totalProtein=4.3, totalCarbs=53.0, totalFats=0.4}]
[DEBUG] 2025-02-27 16:22:28.785 [main] GenericDao - The list of [Food{id=1, foodName='Chicken Breast', foodType='Meat', servingSize=1.0 Ounce, calories=37, fat=0.3g, carbs=0.0g, protein=8.5g}, Food{id=2, foodName='White Rice', foodType='Grain', servingSize=1.0 Cup, calories=242, fat=0.4g, carbs=53.0g, protein=4.3g}]
[DEBUG] 2025-02-27 16:22:29.913 [main] GenericDao - The list of [User{id=1, accessPrivileges='admin', firstName='Alex', lastName='Burgy', email='aburgy@madisoncollege.edu', userWeight=200 lbs, birthDate='1/01/1984'}]
[DEBUG] 2025-02-27 16:22:30.437 [main] GenericDao - The list of [Food{id=1, foodName='Chicken Breast', foodType='Meat', servingSize=1.0 Ounce, calories=37, fat=0.3g, carbs=0.0g, protein=8.5g}, Food{id=2, foodName='White Rice', foodType='Grain', servingSize=1.0 Cup, calories=242, fat=0.4g, carbs=53.0g, protein=4.3g}]
[DEBUG] 2025-02-27 16:22:31.250 [main] GenericDao - The list of [UserFood{id=1, date='2025-02-15', servingSize=5.0, mealTime='Lunch', totalCalories=185.0, totalProtein=43.0, totalCarbs=0.0, totalFats=2.0}, UserFood{id=2, date='2025-02-20', servingSize=1.0, mealTime='Lunch', totalCalories=242.0, totalProtein=4.3, totalCarbs=53.0, totalFats=0.4}]
[DEBUG] 2025-02-27 16:23:47.778 [main] GenericDao - The list of [Food{id=1, foodName='Chicken Breast', foodType='Meat', servingSize=1.0 Ounce, calories=37, fat=0.3g, carbs=0.0g, protein=8.5g}, Food{id=2, foodName='White Rice', foodType='Grain', servingSize=1.0 Cup, calories=242, fat=0.4g, carbs=53.0g, protein=4.3g}]
[DEBUG] 2025-02-27 16:23:48.985 [main] GenericDao - The list of [User{id=1, accessPrivileges='admin', firstName='Alex', lastName='Burgy', email='aburgy@madisoncollege.edu', userWeight=200 lbs, birthDate='1/01/1984'}]
[DEBUG] 2025-02-27 16:23:49.541 [main] GenericDao - The list of [Food{id=1, foodName='Chicken Breast', foodType='Meat', servingSize=1.0 Ounce, calories=37, fat=0.3g, carbs=0.0g, protein=8.5g}, Food{id=2, foodName='White Rice', foodType='Grain', servingSize=1.0 Cup, calories=242, fat=0.4g, carbs=53.0g, protein=4.3g}]
[DEBUG] 2025-02-27 16:23:50.348 [main] GenericDao - The list of [UserFood{id=1, date='2025-02-15', servingSize=5.0, mealTime='Lunch', totalCalories=185.0, totalProtein=43.0, totalCarbs=0.0, totalFats=2.0}, UserFood{id=2, date='2025-02-20', servingSize=1.0, mealTime='Lunch', totalCalories=242.0, totalProtein=4.3, totalCarbs=53.0, totalFats=0.4}]
[DEBUG] 2025-02-27 16:24:53.863 [main] GenericDao - The list of [Food{id=1, foodName='Chicken Breast', foodType='Meat', servingSize=1.0 Ounce, calories=37, fat=0.3g, carbs=0.0g, protein=8.5g}, Food{id=2, foodName='White Rice', foodType='Grain', servingSize=1.0 Cup, calories=242, fat=0.4g, carbs=53.0g, protein=4.3g}]
[DEBUG] 2025-02-27 16:24:55.027 [main] GenericDao - The list of [User{id=1, accessPrivileges='admin', firstName='Alex', lastName='Burgy', email='aburgy@madisoncollege.edu', userWeight=200 lbs, birthDate='1/01/1984'}]
[DEBUG] 2025-02-27 16:24:55.569 [main] GenericDao - The list of [Food{id=1, foodName='Chicken Breast', foodType='Meat', servingSize=1.0 Ounce, calories=37, fat=0.3g, carbs=0.0g, protein=8.5g}, Food{id=2, foodName='White Rice', foodType='Grain', servingSize=1.0 Cup, calories=242, fat=0.4g, carbs=53.0g, protein=4.3g}]
[DEBUG] 2025-02-27 16:24:56.377 [main] GenericDao - The list of [UserFood{id=1, date='2025-02-15', servingSize=5.0, mealTime='Lunch', totalCalories=185.0, totalProtein=43.0, totalCarbs=0.0, totalFats=2.0}, UserFood{id=2, date='2025-02-20', servingSize=1.0, mealTime='Lunch', totalCalories=242.0, totalProtein=4.3, totalCarbs=53.0, totalFats=0.4}]
[DEBUG] 2025-02-27 16:26:45.469 [main] GenericDao - The list of [Food{id=1, foodName='Chicken Breast', foodType='Meat', servingSize=1.0 Ounce, calories=37, fat=0.3g, carbs=0.0g, protein=8.5g}, Food{id=2, foodName='White Rice', foodType='Grain', servingSize=1.0 Cup, calories=242, fat=0.4g, carbs=53.0g, protein=4.3g}]
[DEBUG] 2025-02-27 16:26:46.556 [main] GenericDao - The list of [User{id=1, accessPrivileges='admin', firstName='Alex', lastName='Burgy', email='aburgy@madisoncollege.edu', userWeight=200 lbs, birthDate='1/01/1984'}]
[DEBUG] 2025-02-27 16:26:47.092 [main] GenericDao - The list of [Food{id=1, foodName='Chicken Breast', foodType='Meat', servingSize=1.0 Ounce, calories=37, fat=0.3g, carbs=0.0g, protein=8.5g}, Food{id=2, foodName='White Rice', foodType='Grain', servingSize=1.0 Cup, calories=242, fat=0.4g, carbs=53.0g, protein=4.3g}]
[DEBUG] 2025-02-27 16:26:47.973 [main] GenericDao - The list of [UserFood{id=1, date='2025-02-15', servingSize=5.0, mealTime='Lunch', totalCalories=185.0, totalProtein=43.0, totalCarbs=0.0, totalFats=2.0}, UserFood{id=2, date='2025-02-20', servingSize=1.0, mealTime='Lunch', totalCalories=242.0, totalProtein=4.3, totalCarbs=53.0, totalFats=0.4}]
[DEBUG] 2025-02-27 16:28:02.772 [main] GenericDao - The list of [Food{id=1, foodName='Chicken Breast', foodType='Meat', servingSize=1.0 Ounce, calories=37, fat=0.3g, carbs=0.0g, protein=8.5g}, Food{id=2, foodName='White Rice', foodType='Grain', servingSize=1.0 Cup, calories=242, fat=0.4g, carbs=53.0g, protein=4.3g}]
[DEBUG] 2025-02-27 16:28:03.860 [main] GenericDao - The list of [User{id=1, accessPrivileges='admin', firstName='Alex', lastName='Burgy', email='aburgy@madisoncollege.edu', userWeight=200 lbs, birthDate='1/01/1984'}]
[DEBUG] 2025-02-27 16:28:04.381 [main] GenericDao - The list of [Food{id=1, foodName='Chicken Breast', foodType='Meat', servingSize=1.0 Ounce, calories=37, fat=0.3g, carbs=0.0g, protein=8.5g}, Food{id=2, foodName='White Rice', foodType='Grain', servingSize=1.0 Cup, calories=242, fat=0.4g, carbs=53.0g, protein=4.3g}]
[DEBUG] 2025-02-27 16:28:05.182 [main] GenericDao - The list of [UserFood{id=1, date='2025-02-15', servingSize=5.0, mealTime='Lunch', totalCalories=185.0, totalProtein=43.0, totalCarbs=0.0, totalFats=2.0}, UserFood{id=2, date='2025-02-20', servingSize=1.0, mealTime='Lunch', totalCalories=242.0, totalProtein=4.3, totalCarbs=53.0, totalFats=0.4}]
[DEBUG] 2025-02-27 16:29:17.174 [main] GenericDao - The list of [Food{id=1, foodName='Chicken Breast', foodType='Meat', servingSize=1.0 Ounce, calories=37, fat=0.3g, carbs=0.0g, protein=8.5g}, Food{id=2, foodName='White Rice', foodType='Grain', servingSize=1.0 Cup, calories=242, fat=0.4g, carbs=53.0g, protein=4.3g}]
[DEBUG] 2025-02-27 16:29:18.311 [main] GenericDao - The list of [User{id=1, accessPrivileges='admin', firstName='Alex', lastName='Burgy', email='aburgy@madisoncollege.edu', userWeight=200 lbs, birthDate='1/01/1984'}]
[DEBUG] 2025-02-27 16:29:18.843 [main] GenericDao - The list of [Food{id=1, foodName='Chicken Breast', foodType='Meat', servingSize=1.0 Ounce, calories=37, fat=0.3g, carbs=0.0g, protein=8.5g}, Food{id=2, foodName='White Rice', foodType='Grain', servingSize=1.0 Cup, calories=242, fat=0.4g, carbs=53.0g, protein=4.3g}]
[DEBUG] 2025-02-27 16:29:19.635 [main] GenericDao - The list of [UserFood{id=1, date='2025-02-15', servingSize=5.0, mealTime='Lunch', totalCalories=185.0, totalProtein=43.0, totalCarbs=0.0, totalFats=2.0}, UserFood{id=2, date='2025-02-20', servingSize=1.0, mealTime='Lunch', totalCalories=242.0, totalProtein=4.3, totalCarbs=53.0, totalFats=0.4}]
[DEBUG] 2025-02-27 16:30:22.721 [main] GenericDao - The list of [Food{id=1, foodName='Chicken Breast', foodType='Meat', servingSize=1.0 Ounce, calories=37, fat=0.3g, carbs=0.0g, protein=8.5g}, Food{id=2, foodName='White Rice', foodType='Grain', servingSize=1.0 Cup, calories=242, fat=0.4g, carbs=53.0g, protein=4.3g}]
[DEBUG] 2025-02-27 16:30:23.871 [main] GenericDao - The list of [User{id=1, accessPrivileges='admin', firstName='Alex', lastName='Burgy', email='aburgy@madisoncollege.edu', userWeight=200 lbs, birthDate='1/01/1984'}]
[DEBUG] 2025-02-27 16:30:24.427 [main] GenericDao - The list of [Food{id=1, foodName='Chicken Breast', foodType='Meat', servingSize=1.0 Ounce, calories=37, fat=0.3g, carbs=0.0g, protein=8.5g}, Food{id=2, foodName='White Rice', foodType='Grain', servingSize=1.0 Cup, calories=242, fat=0.4g, carbs=53.0g, protein=4.3g}]
[DEBUG] 2025-02-27 16:30:25.285 [main] GenericDao - The list of [UserFood{id=1, date='2025-02-15', servingSize=5.0, mealTime='Lunch', totalCalories=185.0, totalProtein=43.0, totalCarbs=0.0, totalFats=2.0}, UserFood{id=2, date='2025-02-20', servingSize=1.0, mealTime='Lunch', totalCalories=242.0, totalProtein=4.3, totalCarbs=53.0, totalFats=0.4}]
[DEBUG] 2025-02-27 16:34:09.821 [main] GenericDao - The list of [Food{id=1, foodName='Chicken Breast', foodType='Meat', servingSize=1.0 Ounce, calories=37, fat=0.3g, carbs=0.0g, protein=8.5g}, Food{id=2, foodName='White Rice', foodType='Grain', servingSize=1.0 Cup, calories=242, fat=0.4g, carbs=53.0g, protein=4.3g}]
[DEBUG] 2025-02-27 16:34:10.969 [main] GenericDao - The list of [User{id=1, accessPrivileges='admin', firstName='Alex', lastName='Burgy', email='aburgy@madisoncollege.edu', userWeight=200 lbs, birthDate='1/01/1984'}]
[DEBUG] 2025-02-27 16:34:11.507 [main] GenericDao - The list of [Food{id=1, foodName='Chicken Breast', foodType='Meat', servingSize=1.0 Ounce, calories=37, fat=0.3g, carbs=0.0g, protein=8.5g}, Food{id=2, foodName='White Rice', foodType='Grain', servingSize=1.0 Cup, calories=242, fat=0.4g, carbs=53.0g, protein=4.3g}]
[DEBUG] 2025-02-27 16:34:12.376 [main] GenericDao - The list of [UserFood{id=1, date='2025-02-15', servingSize=5.0, mealTime='Lunch', totalCalories=185.0, totalProtein=43.0, totalCarbs=0.0, totalFats=2.0}, UserFood{id=2, date='2025-02-20', servingSize=1.0, mealTime='Lunch', totalCalories=242.0, totalProtein=4.3, totalCarbs=53.0, totalFats=0.4}]
[DEBUG] 2025-02-27 16:35:57.200 [main] GenericDao - The list of [Food{id=1, foodName='Chicken Breast', foodType='Meat', servingSize=1.0 Ounce, calories=37, fat=0.3g, carbs=0.0g, protein=8.5g}, Food{id=2, foodName='White Rice', foodType='Grain', servingSize=1.0 Cup, calories=242, fat=0.4g, carbs=53.0g, protein=4.3g}]
[DEBUG] 2025-02-27 16:35:58.384 [main] GenericDao - The list of [User{id=1, accessPrivileges='admin', firstName='Alex', lastName='Burgy', email='aburgy@madisoncollege.edu', userWeight=200 lbs, birthDate='1/01/1984'}]
[DEBUG] 2025-02-27 16:35:58.931 [main] GenericDao - The list of [Food{id=1, foodName='Chicken Breast', foodType='Meat', servingSize=1.0 Ounce, calories=37, fat=0.3g, carbs=0.0g, protein=8.5g}, Food{id=2, foodName='White Rice', foodType='Grain', servingSize=1.0 Cup, calories=242, fat=0.4g, carbs=53.0g, protein=4.3g}]
[DEBUG] 2025-02-27 16:35:59.738 [main] GenericDao - The list of [UserFood{id=1, date='2025-02-15', servingSize=5.0, mealTime='Lunch', totalCalories=185.0, totalProtein=43.0, totalCarbs=0.0, totalFats=2.0}, UserFood{id=2, date='2025-02-20', servingSize=1.0, mealTime='Lunch', totalCalories=242.0, totalProtein=4.3, totalCarbs=53.0, totalFats=0.4}]
[DEBUG] 2025-02-27 16:38:24.684 [main] GenericDao - The list of [Food{id=1, foodName='Chicken Breast', foodType='Meat', servingSize=1.0 Ounce, calories=37, fat=0.3g, carbs=0.0g, protein=8.5g}, Food{id=2, foodName='White Rice', foodType='Grain', servingSize=1.0 Cup, calories=242, fat=0.4g, carbs=53.0g, protein=4.3g}]
[DEBUG] 2025-02-27 16:38:25.836 [main] GenericDao - The list of [User{id=1, accessPrivileges='admin', firstName='Alex', lastName='Burgy', email='aburgy@madisoncollege.edu', userWeight=200 lbs, birthDate='1/01/1984'}]
[DEBUG] 2025-02-27 16:38:26.418 [main] GenericDao - The list of [Food{id=1, foodName='Chicken Breast', foodType='Meat', servingSize=1.0 Ounce, calories=37, fat=0.3g, carbs=0.0g, protein=8.5g}, Food{id=2, foodName='White Rice', foodType='Grain', servingSize=1.0 Cup, calories=242, fat=0.4g, carbs=53.0g, protein=4.3g}]
[DEBUG] 2025-02-27 16:38:27.251 [main] GenericDao - The list of [UserFood{id=1, date='2025-02-15', servingSize=5.0, mealTime='Lunch', totalCalories=185.0, totalProtein=43.0, totalCarbs=0.0, totalFats=2.0}, UserFood{id=2, date='2025-02-20', servingSize=1.0, mealTime='Lunch', totalCalories=242.0, totalProtein=4.3, totalCarbs=53.0, totalFats=0.4}]
[DEBUG] 2025-02-27 16:39:58.057 [main] GenericDao - The list of [Food{id=1, foodName='Chicken Breast', foodType='Meat', servingSize=1.0 Ounce, calories=37, fat=0.3g, carbs=0.0g, protein=8.5g}, Food{id=2, foodName='White Rice', foodType='Grain', servingSize=1.0 Cup, calories=242, fat=0.4g, carbs=53.0g, protein=4.3g}]
[DEBUG] 2025-02-27 16:39:59.243 [main] GenericDao - The list of [User{id=1, accessPrivileges='admin', firstName='Alex', lastName='Burgy', email='aburgy@madisoncollege.edu', userWeight=200 lbs, birthDate='1/01/1984'}]
[DEBUG] 2025-02-27 16:39:59.800 [main] GenericDao - The list of [Food{id=1, foodName='Chicken Breast', foodType='Meat', servingSize=1.0 Ounce, calories=37, fat=0.3g, carbs=0.0g, protein=8.5g}, Food{id=2, foodName='White Rice', foodType='Grain', servingSize=1.0 Cup, calories=242, fat=0.4g, carbs=53.0g, protein=4.3g}]
[DEBUG] 2025-02-27 16:40:00.586 [main] GenericDao - The list of [UserFood{id=1, date='2025-02-15', servingSize=5.0, mealTime='Lunch', totalCalories=185.0, totalProtein=43.0, totalCarbs=0.0, totalFats=2.0}, UserFood{id=2, date='2025-02-20', servingSize=1.0, mealTime='Lunch', totalCalories=242.0, totalProtein=4.3, totalCarbs=53.0, totalFats=0.4}]
[DEBUG] 2025-02-27 16:40:57.649 [main] GenericDao - The list of [Food{id=1, foodName='Chicken Breast', foodType='Meat', servingSize=1.0 Ounce, calories=37, fat=0.3g, carbs=0.0g, protein=8.5g}, Food{id=2, foodName='White Rice', foodType='Grain', servingSize=1.0 Cup, calories=242, fat=0.4g, carbs=53.0g, protein=4.3g}]
[DEBUG] 2025-02-27 16:40:58.792 [main] GenericDao - The list of [User{id=1, accessPrivileges='admin', firstName='Alex', lastName='Burgy', email='aburgy@madisoncollege.edu', userWeight=200 lbs, birthDate='1/01/1984'}]
[DEBUG] 2025-02-27 16:40:59.344 [main] GenericDao - The list of [Food{id=1, foodName='Chicken Breast', foodType='Meat', servingSize=1.0 Ounce, calories=37, fat=0.3g, carbs=0.0g, protein=8.5g}, Food{id=2, foodName='White Rice', foodType='Grain', servingSize=1.0 Cup, calories=242, fat=0.4g, carbs=53.0g, protein=4.3g}]
[DEBUG] 2025-02-27 16:41:00.154 [main] GenericDao - The list of [UserFood{id=1, date='2025-02-15', servingSize=5.0, mealTime='Lunch', totalCalories=185.0, totalProtein=43.0, totalCarbs=0.0, totalFats=2.0}, UserFood{id=2, date='2025-02-20', servingSize=1.0, mealTime='Lunch', totalCalories=242.0, totalProtein=4.3, totalCarbs=53.0, totalFats=0.4}]
[DEBUG] 2025-02-27 16:53:13.239 [main] GenericDao - The list of [Food{id=1, foodName='Chicken Breast', foodType='Meat', servingSize=1.0 Ounce, calories=37, fat=0.3g, carbs=0.0g, protein=8.5g}, Food{id=2, foodName='White Rice', foodType='Grain', servingSize=1.0 Cup, calories=242, fat=0.4g, carbs=53.0g, protein=4.3g}]
[DEBUG] 2025-02-27 16:53:14.326 [main] GenericDao - The list of [User{id=1, accessPrivileges='admin', firstName='Alex', lastName='Burgy', email='aburgy@madisoncollege.edu', userWeight=200 lbs, birthDate='1/01/1984'}]
[DEBUG] 2025-02-27 16:53:14.882 [main] GenericDao - The list of [Food{id=1, foodName='Chicken Breast', foodType='Meat', servingSize=1.0 Ounce, calories=37, fat=0.3g, carbs=0.0g, protein=8.5g}, Food{id=2, foodName='White Rice', foodType='Grain', servingSize=1.0 Cup, calories=242, fat=0.4g, carbs=53.0g, protein=4.3g}]
[DEBUG] 2025-02-27 16:53:15.754 [main] GenericDao - The list of [UserFood{id=1, date='2025-02-15', servingSize=5.0, mealTime='Lunch', totalCalories=185.0, totalProtein=43.0, totalCarbs=0.0, totalFats=2.0}, UserFood{id=2, date='2025-02-20', servingSize=1.0, mealTime='Lunch', totalCalories=242.0, totalProtein=4.3, totalCarbs=53.0, totalFats=0.4}]
[DEBUG] 2025-02-27 16:56:31.854 [main] GenericDao - The list of [Food{id=1, foodName='Chicken Breast', foodType='Meat', servingSize=1.0 Ounce, calories=37, fat=0.3g, carbs=0.0g, protein=8.5g}, Food{id=2, foodName='White Rice', foodType='Grain', servingSize=1.0 Cup, calories=242, fat=0.4g, carbs=53.0g, protein=4.3g}]
[DEBUG] 2025-02-27 16:56:33.094 [main] GenericDao - The list of [User{id=1, accessPrivileges='admin', firstName='Alex', lastName='Burgy', email='aburgy@madisoncollege.edu', userWeight=200 lbs, birthDate='1/01/1984'}]
[DEBUG] 2025-02-27 16:56:33.646 [main] GenericDao - The list of [Food{id=1, foodName='Chicken Breast', foodType='Meat', servingSize=1.0 Ounce, calories=37, fat=0.3g, carbs=0.0g, protein=8.5g}, Food{id=2, foodName='White Rice', foodType='Grain', servingSize=1.0 Cup, calories=242, fat=0.4g, carbs=53.0g, protein=4.3g}]
[DEBUG] 2025-02-27 16:56:34.440 [main] GenericDao - The list of [UserFood{id=1, date='2025-02-15', servingSize=5.0, mealTime='Lunch', totalCalories=185.0, totalProtein=43.0, totalCarbs=0.0, totalFats=2.0}, UserFood{id=2, date='2025-02-20', servingSize=1.0, mealTime='Lunch', totalCalories=242.0, totalProtein=4.3, totalCarbs=53.0, totalFats=0.4}]
[DEBUG] 2025-02-27 17:03:36.646 [main] GenericDao - The list of [Food{id=1, foodName='Chicken Breast', foodType='Meat', servingSize=1.0 Ounce, calories=37, fat=0.3g, carbs=0.0g, protein=8.5g}, Food{id=2, foodName='White Rice', foodType='Grain', servingSize=1.0 Cup, calories=242, fat=0.4g, carbs=53.0g, protein=4.3g}]
[DEBUG] 2025-02-27 17:03:37.737 [main] GenericDao - The list of [User{id=1, accessPrivileges='admin', firstName='Alex', lastName='Burgy', email='aburgy@madisoncollege.edu', userWeight=200 lbs, birthDate='1/01/1984'}]
[DEBUG] 2025-02-27 17:03:38.259 [main] GenericDao - The list of [Food{id=1, foodName='Chicken Breast', foodType='Meat', servingSize=1.0 Ounce, calories=37, fat=0.3g, carbs=0.0g, protein=8.5g}, Food{id=2, foodName='White Rice', foodType='Grain', servingSize=1.0 Cup, calories=242, fat=0.4g, carbs=53.0g, protein=4.3g}]
[DEBUG] 2025-02-27 17:03:39.101 [main] GenericDao - The list of [UserFood{id=1, date='2025-02-15', servingSize=5.0, mealTime='Lunch', totalCalories=185.0, totalProtein=43.0, totalCarbs=0.0, totalFats=2.0}, UserFood{id=2, date='2025-02-20', servingSize=1.0, mealTime='Lunch', totalCalories=242.0, totalProtein=4.3, totalCarbs=53.0, totalFats=0.4}]
[DEBUG] 2025-02-27 17:07:41.067 [main] GenericDao - The list of [Food{id=1, foodName='Chicken Breast', foodType='Meat', servingSize=1.0 Ounce, calories=37, fat=0.3g, carbs=0.0g, protein=8.5g}, Food{id=2, foodName='White Rice', foodType='Grain', servingSize=1.0 Cup, calories=242, fat=0.4g, carbs=53.0g, protein=4.3g}]
[DEBUG] 2025-02-27 17:07:42.167 [main] GenericDao - The list of [User{id=1, accessPrivileges='admin', firstName='Alex', lastName='Burgy', email='aburgy@madisoncollege.edu', userWeight=200 lbs, birthDate='1/01/1984'}]
[DEBUG] 2025-02-27 17:07:42.748 [main] GenericDao - The list of [Food{id=1, foodName='Chicken Breast', foodType='Meat', servingSize=1.0 Ounce, calories=37, fat=0.3g, carbs=0.0g, protein=8.5g}, Food{id=2, foodName='White Rice', foodType='Grain', servingSize=1.0 Cup, calories=242, fat=0.4g, carbs=53.0g, protein=4.3g}]
[DEBUG] 2025-02-27 17:07:43.522 [main] GenericDao - The list of [UserFood{id=1, date='2025-02-15', servingSize=5.0, mealTime='Lunch', totalCalories=185.0, totalProtein=43.0, totalCarbs=0.0, totalFats=2.0}, UserFood{id=2, date='2025-02-20', servingSize=1.0, mealTime='Lunch', totalCalories=242.0, totalProtein=4.3, totalCarbs=53.0, totalFats=0.4}]
[DEBUG] 2025-02-27 17:08:32.166 [main] GenericDao - The list of [Food{id=1, foodName='Chicken Breast', foodType='Meat', servingSize=1.0 Ounce, calories=37, fat=0.3g, carbs=0.0g, protein=8.5g}, Food{id=2, foodName='White Rice', foodType='Grain', servingSize=1.0 Cup, calories=242, fat=0.4g, carbs=53.0g, protein=4.3g}]
[DEBUG] 2025-02-27 17:08:33.270 [main] GenericDao - The list of [User{id=1, accessPrivileges='admin', firstName='Alex', lastName='Burgy', email='aburgy@madisoncollege.edu', userWeight=200 lbs, birthDate='1/01/1984'}]
[DEBUG] 2025-02-27 17:08:33.805 [main] GenericDao - The list of [Food{id=1, foodName='Chicken Breast', foodType='Meat', servingSize=1.0 Ounce, calories=37, fat=0.3g, carbs=0.0g, protein=8.5g}, Food{id=2, foodName='White Rice', foodType='Grain', servingSize=1.0 Cup, calories=242, fat=0.4g, carbs=53.0g, protein=4.3g}]
[DEBUG] 2025-02-27 17:08:34.601 [main] GenericDao - The list of [UserFood{id=1, date='2025-02-15', servingSize=5.0, mealTime='Lunch', totalCalories=185.0, totalProtein=43.0, totalCarbs=0.0, totalFats=2.0}, UserFood{id=2, date='2025-02-20', servingSize=1.0, mealTime='Lunch', totalCalories=242.0, totalProtein=4.3, totalCarbs=53.0, totalFats=0.4}]
[DEBUG] 2025-02-27 17:10:40.115 [main] GenericDao - The list of [Food{id=1, foodName='Chicken Breast', foodType='Meat', servingSize=1.0 Ounce, calories=37, fat=0.3g, carbs=0.0g, protein=8.5g}, Food{id=2, foodName='White Rice', foodType='Grain', servingSize=1.0 Cup, calories=242, fat=0.4g, carbs=53.0g, protein=4.3g}]
[DEBUG] 2025-02-27 17:10:41.230 [main] GenericDao - The list of [User{id=1, accessPrivileges='admin', firstName='Alex', lastName='Burgy', email='aburgy@madisoncollege.edu', userWeight=200 lbs, birthDate='1/01/1984'}]
[DEBUG] 2025-02-27 17:10:41.751 [main] GenericDao - The list of [Food{id=1, foodName='Chicken Breast', foodType='Meat', servingSize=1.0 Ounce, calories=37, fat=0.3g, carbs=0.0g, protein=8.5g}, Food{id=2, foodName='White Rice', foodType='Grain', servingSize=1.0 Cup, calories=242, fat=0.4g, carbs=53.0g, protein=4.3g}]
[DEBUG] 2025-02-27 17:10:42.523 [main] GenericDao - The list of [UserFood{id=1, date='2025-02-15', servingSize=5.0, mealTime='Lunch', totalCalories=185.0, totalProtein=43.0, totalCarbs=0.0, totalFats=2.0}, UserFood{id=2, date='2025-02-20', servingSize=1.0, mealTime='Lunch', totalCalories=242.0, totalProtein=4.3, totalCarbs=53.0, totalFats=0.4}]
[DEBUG] 2025-02-27 17:11:57.507 [main] GenericDao - The list of [Food{id=1, foodName='Chicken Breast', foodType='Meat', servingSize=1.0 Ounce, calories=37, fat=0.3g, carbs=0.0g, protein=8.5g}, Food{id=2, foodName='White Rice', foodType='Grain', servingSize=1.0 Cup, calories=242, fat=0.4g, carbs=53.0g, protein=4.3g}]
[DEBUG] 2025-02-27 17:11:58.671 [main] GenericDao - The list of [User{id=1, accessPrivileges='admin', firstName='Alex', lastName='Burgy', email='aburgy@madisoncollege.edu', userWeight=200 lbs, birthDate='1/01/1984'}]
[DEBUG] 2025-02-27 17:11:59.207 [main] GenericDao - The list of [Food{id=1, foodName='Chicken Breast', foodType='Meat', servingSize=1.0 Ounce, calories=37, fat=0.3g, carbs=0.0g, protein=8.5g}, Food{id=2, foodName='White Rice', foodType='Grain', servingSize=1.0 Cup, calories=242, fat=0.4g, carbs=53.0g, protein=4.3g}]
[DEBUG] 2025-02-27 17:12:00.019 [main] GenericDao - The list of [UserFood{id=1, date='2025-02-15', servingSize=5.0, mealTime='Lunch', totalCalories=185.0, totalProtein=43.0, totalCarbs=0.0, totalFats=2.0}, UserFood{id=2, date='2025-02-20', servingSize=1.0, mealTime='Lunch', totalCalories=242.0, totalProtein=4.3, totalCarbs=53.0, totalFats=0.4}]
[DEBUG] 2025-02-27 17:13:47.131 [main] GenericDao - The list of [Food{id=1, foodName='Chicken Breast', foodType='Meat', servingSize=1.0 Ounce, calories=37, fat=0.3g, carbs=0.0g, protein=8.5g}, Food{id=2, foodName='White Rice', foodType='Grain', servingSize=1.0 Cup, calories=242, fat=0.4g, carbs=53.0g, protein=4.3g}]
[DEBUG] 2025-02-27 17:13:48.341 [main] GenericDao - The list of [User{id=1, accessPrivileges='admin', firstName='Alex', lastName='Burgy', email='aburgy@madisoncollege.edu', userWeight=200 lbs, birthDate='1/01/1984'}]
[DEBUG] 2025-02-27 17:13:48.892 [main] GenericDao - The list of [Food{id=1, foodName='Chicken Breast', foodType='Meat', servingSize=1.0 Ounce, calories=37, fat=0.3g, carbs=0.0g, protein=8.5g}, Food{id=2, foodName='White Rice', foodType='Grain', servingSize=1.0 Cup, calories=242, fat=0.4g, carbs=53.0g, protein=4.3g}]
[DEBUG] 2025-02-27 17:13:49.693 [main] GenericDao - The list of [UserFood{id=1, date='2025-02-15', servingSize=5.0, mealTime='Lunch', totalCalories=185.0, totalProtein=43.0, totalCarbs=0.0, totalFats=2.0}, UserFood{id=2, date='2025-02-20', servingSize=1.0, mealTime='Lunch', totalCalories=242.0, totalProtein=4.3, totalCarbs=53.0, totalFats=0.4}]
[DEBUG] 2025-02-27 17:15:02.585 [main] GenericDao - The list of [Food{id=1, foodName='Chicken Breast', foodType='Meat', servingSize=1.0 Ounce, calories=37, fat=0.3g, carbs=0.0g, protein=8.5g}, Food{id=2, foodName='White Rice', foodType='Grain', servingSize=1.0 Cup, calories=242, fat=0.4g, carbs=53.0g, protein=4.3g}]
[DEBUG] 2025-02-27 17:15:03.716 [main] GenericDao - The list of [User{id=1, accessPrivileges='admin', firstName='Alex', lastName='Burgy', email='aburgy@madisoncollege.edu', userWeight=200 lbs, birthDate='1/01/1984'}]
[DEBUG] 2025-02-27 17:15:04.390 [main] GenericDao - The list of [Food{id=1, foodName='Chicken Breast', foodType='Meat', servingSize=1.0 Ounce, calories=37, fat=0.3g, carbs=0.0g, protein=8.5g}, Food{id=2, foodName='White Rice', foodType='Grain', servingSize=1.0 Cup, calories=242, fat=0.4g, carbs=53.0g, protein=4.3g}]
[DEBUG] 2025-02-27 17:15:05.251 [main] GenericDao - The list of [UserFood{id=1, date='2025-02-15', servingSize=5.0, mealTime='Lunch', totalCalories=185.0, totalProtein=43.0, totalCarbs=0.0, totalFats=2.0}, UserFood{id=2, date='2025-02-20', servingSize=1.0, mealTime='Lunch', totalCalories=242.0, totalProtein=4.3, totalCarbs=53.0, totalFats=0.4}]
[DEBUG] 2025-02-27 17:18:29.857 [main] GenericDao - The list of [Food{id=1, foodName='Chicken Breast', foodType='Meat', servingSize=1.0 Ounce, calories=37, fat=0.3g, carbs=0.0g, protein=8.5g}, Food{id=2, foodName='White Rice', foodType='Grain', servingSize=1.0 Cup, calories=242, fat=0.4g, carbs=53.0g, protein=4.3g}]
[DEBUG] 2025-02-27 17:18:32.744 [main] GenericDao - The list of [User{id=1, accessPrivileges='admin', firstName='Alex', lastName='Burgy', email='aburgy@madisoncollege.edu', userWeight=200 lbs, birthDate='1/01/1984'}]
[DEBUG] 2025-02-27 17:18:33.392 [main] GenericDao - The list of [Food{id=1, foodName='Chicken Breast', foodType='Meat', servingSize=1.0 Ounce, calories=37, fat=0.3g, carbs=0.0g, protein=8.5g}, Food{id=2, foodName='White Rice', foodType='Grain', servingSize=1.0 Cup, calories=242, fat=0.4g, carbs=53.0g, protein=4.3g}]
[DEBUG] 2025-02-27 17:18:34.460 [main] GenericDao - The list of [UserFood{id=1, date='2025-02-15', servingSize=5.0, mealTime='Lunch', totalCalories=185.0, totalProtein=43.0, totalCarbs=0.0, totalFats=2.0}, UserFood{id=2, date='2025-02-20', servingSize=1.0, mealTime='Lunch', totalCalories=242.0, totalProtein=4.3, totalCarbs=53.0, totalFats=0.4}]
[DEBUG] 2025-02-27 17:33:39.084 [main] GenericDao - The list of [Food{id=1, foodName='Chicken Breast', foodType='Meat', servingSize=1.0 Ounce, calories=37, fat=0.3g, carbs=0.0g, protein=8.5g}, Food{id=2, foodName='White Rice', foodType='Grain', servingSize=1.0 Cup, calories=242, fat=0.4g, carbs=53.0g, protein=4.3g}]
[DEBUG] 2025-02-27 17:33:40.348 [main] GenericDao - The list of [User{id=1, accessPrivileges='admin', firstName='Alex', lastName='Burgy', email='aburgy@madisoncollege.edu', userWeight=200 lbs, birthDate='1/01/1984'}]
[DEBUG] 2025-02-27 17:33:40.930 [main] GenericDao - The list of [Food{id=1, foodName='Chicken Breast', foodType='Meat', servingSize=1.0 Ounce, calories=37, fat=0.3g, carbs=0.0g, protein=8.5g}, Food{id=2, foodName='White Rice', foodType='Grain', servingSize=1.0 Cup, calories=242, fat=0.4g, carbs=53.0g, protein=4.3g}]
[DEBUG] 2025-02-27 17:33:41.799 [main] GenericDao - The list of [UserFood{id=1, date='2025-02-15', servingSize=5.0, mealTime='Lunch', totalCalories=185.0, totalProtein=43.0, totalCarbs=0.0, totalFats=2.0}, UserFood{id=2, date='2025-02-20', servingSize=1.0, mealTime='Lunch', totalCalories=242.0, totalProtein=4.3, totalCarbs=53.0, totalFats=0.4}]
[DEBUG] 2025-02-27 17:38:38.135 [main] GenericDao - The list of [Food{id=1, foodName='Chicken Breast', foodType='Meat', servingSize=1.0 Ounce, calories=37, fat=0.3g, carbs=0.0g, protein=8.5g}, Food{id=2, foodName='White Rice', foodType='Grain', servingSize=1.0 Cup, calories=242, fat=0.4g, carbs=53.0g, protein=4.3g}]
[DEBUG] 2025-02-27 17:38:40.436 [main] GenericDao - The list of [User{id=1, accessPrivileges='admin', firstName='Alex', lastName='Burgy', email='aburgy@madisoncollege.edu', userWeight=200 lbs, birthDate='1/01/1984'}]
[DEBUG] 2025-02-27 17:38:42.077 [main] GenericDao - The list of [Food{id=1, foodName='Chicken Breast', foodType='Meat', servingSize=1.0 Ounce, calories=37, fat=0.3g, carbs=0.0g, protein=8.5g}, Food{id=2, foodName='White Rice', foodType='Grain', servingSize=1.0 Cup, calories=242, fat=0.4g, carbs=53.0g, protein=4.3g}]
[DEBUG] 2025-02-27 17:38:42.881 [main] GenericDao - The list of [UserFood{id=1, date='2025-02-15', servingSize=5.0, mealTime='Lunch', totalCalories=185.0, totalProtein=43.0, totalCarbs=0.0, totalFats=2.0}, UserFood{id=2, date='2025-02-20', servingSize=1.0, mealTime='Lunch', totalCalories=242.0, totalProtein=4.3, totalCarbs=53.0, totalFats=0.4}]
[DEBUG] 2025-02-27 17:41:06.569 [main] GenericDao - The list of [Food{id=1, foodName='Chicken Breast', foodType='Meat', servingSize=1.0 Ounce, calories=37, fat=0.3g, carbs=0.0g, protein=8.5g}, Food{id=2, foodName='White Rice', foodType='Grain', servingSize=1.0 Cup, calories=242, fat=0.4g, carbs=53.0g, protein=4.3g}]
[DEBUG] 2025-02-27 17:41:07.837 [main] GenericDao - The list of [User{id=1, accessPrivileges='admin', firstName='Alex', lastName='Burgy', email='aburgy@madisoncollege.edu', userWeight=200 lbs, birthDate='1/01/1984'}]
[DEBUG] 2025-02-27 17:41:08.415 [main] GenericDao - The list of [Food{id=1, foodName='Chicken Breast', foodType='Meat', servingSize=1.0 Ounce, calories=37, fat=0.3g, carbs=0.0g, protein=8.5g}, Food{id=2, foodName='White Rice', foodType='Grain', servingSize=1.0 Cup, calories=242, fat=0.4g, carbs=53.0g, protein=4.3g}]
[DEBUG] 2025-02-27 17:41:09.526 [main] GenericDao - The list of [UserFood{id=1, date='2025-02-15', servingSize=5.0, mealTime='Lunch', totalCalories=185.0, totalProtein=43.0, totalCarbs=0.0, totalFats=2.0}, UserFood{id=2, date='2025-02-20', servingSize=1.0, mealTime='Lunch', totalCalories=242.0, totalProtein=4.3, totalCarbs=53.0, totalFats=0.4}]
[DEBUG] 2025-02-27 17:42:21.113 [main] GenericDao - The list of [Food{id=1, foodName='Chicken Breast', foodType='Meat', servingSize=1.0 Ounce, calories=37, fat=0.3g, carbs=0.0g, protein=8.5g}, Food{id=2, foodName='White Rice', foodType='Grain', servingSize=1.0 Cup, calories=242, fat=0.4g, carbs=53.0g, protein=4.3g}]
[DEBUG] 2025-02-27 17:42:22.427 [main] GenericDao - The list of [User{id=1, accessPrivileges='admin', firstName='Alex', lastName='Burgy', email='aburgy@madisoncollege.edu', userWeight=200 lbs, birthDate='1/01/1984'}]
[DEBUG] 2025-02-27 17:42:22.989 [main] GenericDao - The list of [Food{id=1, foodName='Chicken Breast', foodType='Meat', servingSize=1.0 Ounce, calories=37, fat=0.3g, carbs=0.0g, protein=8.5g}, Food{id=2, foodName='White Rice', foodType='Grain', servingSize=1.0 Cup, calories=242, fat=0.4g, carbs=53.0g, protein=4.3g}]
[DEBUG] 2025-02-27 17:42:23.858 [main] GenericDao - The list of [UserFood{id=1, date='2025-02-15', servingSize=5.0, mealTime='Lunch', totalCalories=185.0, totalProtein=43.0, totalCarbs=0.0, totalFats=2.0}, UserFood{id=2, date='2025-02-20', servingSize=1.0, mealTime='Lunch', totalCalories=242.0, totalProtein=4.3, totalCarbs=53.0, totalFats=0.4}]
[DEBUG] 2025-02-27 17:43:52.857 [main] GenericDao - The list of [Food{id=1, foodName='Chicken Breast', foodType='Meat', servingSize=1.0 Ounce, calories=37, fat=0.3g, carbs=0.0g, protein=8.5g}, Food{id=2, foodName='White Rice', foodType='Grain', servingSize=1.0 Cup, calories=242, fat=0.4g, carbs=53.0g, protein=4.3g}]
[DEBUG] 2025-02-27 17:43:54.148 [main] GenericDao - The list of [User{id=1, accessPrivileges='admin', firstName='Alex', lastName='Burgy', email='aburgy@madisoncollege.edu', userWeight=200 lbs, birthDate='1/01/1984'}]
[DEBUG] 2025-02-27 17:43:54.730 [main] GenericDao - The list of [Food{id=1, foodName='Chicken Breast', foodType='Meat', servingSize=1.0 Ounce, calories=37, fat=0.3g, carbs=0.0g, protein=8.5g}, Food{id=2, foodName='White Rice', foodType='Grain', servingSize=1.0 Cup, calories=242, fat=0.4g, carbs=53.0g, protein=4.3g}]
[DEBUG] 2025-02-27 17:43:55.592 [main] GenericDao - The list of [UserFood{id=1, date='2025-02-15', servingSize=5.0, mealTime='Lunch', totalCalories=185.0, totalProtein=43.0, totalCarbs=0.0, totalFats=2.0}, UserFood{id=2, date='2025-02-20', servingSize=1.0, mealTime='Lunch', totalCalories=242.0, totalProtein=4.3, totalCarbs=53.0, totalFats=0.4}]
[DEBUG] 2025-02-27 17:44:41.079 [main] GenericDao - The list of [Food{id=1, foodName='Chicken Breast', foodType='Meat', servingSize=1.0 Ounce, calories=37, fat=0.3g, carbs=0.0g, protein=8.5g}, Food{id=2, foodName='White Rice', foodType='Grain', servingSize=1.0 Cup, calories=242, fat=0.4g, carbs=53.0g, protein=4.3g}]
[DEBUG] 2025-02-27 17:44:42.493 [main] GenericDao - The list of [User{id=1, accessPrivileges='admin', firstName='Alex', lastName='Burgy', email='aburgy@madisoncollege.edu', userWeight=200 lbs, birthDate='1/01/1984'}]
[DEBUG] 2025-02-27 17:44:43.064 [main] GenericDao - The list of [Food{id=1, foodName='Chicken Breast', foodType='Meat', servingSize=1.0 Ounce, calories=37, fat=0.3g, carbs=0.0g, protein=8.5g}, Food{id=2, foodName='White Rice', foodType='Grain', servingSize=1.0 Cup, calories=242, fat=0.4g, carbs=53.0g, protein=4.3g}]
[DEBUG] 2025-02-27 17:44:43.917 [main] GenericDao - The list of [UserFood{id=1, date='2025-02-15', servingSize=5.0, mealTime='Lunch', totalCalories=185.0, totalProtein=43.0, totalCarbs=0.0, totalFats=2.0}, UserFood{id=2, date='2025-02-20', servingSize=1.0, mealTime='Lunch', totalCalories=242.0, totalProtein=4.3, totalCarbs=53.0, totalFats=0.4}]
[DEBUG] 2025-02-27 17:46:03.160 [main] GenericDao - The list of [Food{id=1, foodName='Chicken Breast', foodType='Meat', servingSize=1.0 Ounce, calories=37, fat=0.3g, carbs=0.0g, protein=8.5g}, Food{id=2, foodName='White Rice', foodType='Grain', servingSize=1.0 Cup, calories=242, fat=0.4g, carbs=53.0g, protein=4.3g}]
[DEBUG] 2025-02-27 17:46:04.347 [main] GenericDao - The list of [User{id=1, accessPrivileges='admin', firstName='Alex', lastName='Burgy', email='aburgy@madisoncollege.edu', userWeight=200 lbs, birthDate='1/01/1984'}]
[DEBUG] 2025-02-27 17:46:04.918 [main] GenericDao - The list of [Food{id=1, foodName='Chicken Breast', foodType='Meat', servingSize=1.0 Ounce, calories=37, fat=0.3g, carbs=0.0g, protein=8.5g}, Food{id=2, foodName='White Rice', foodType='Grain', servingSize=1.0 Cup, calories=242, fat=0.4g, carbs=53.0g, protein=4.3g}]
[DEBUG] 2025-02-27 17:46:05.797 [main] GenericDao - The list of [UserFood{id=1, date='2025-02-15', servingSize=5.0, mealTime='Lunch', totalCalories=185.0, totalProtein=43.0, totalCarbs=0.0, totalFats=2.0}, UserFood{id=2, date='2025-02-20', servingSize=1.0, mealTime='Lunch', totalCalories=242.0, totalProtein=4.3, totalCarbs=53.0, totalFats=0.4}]
[DEBUG] 2025-02-27 17:46:47.754 [main] GenericDao - The list of [Food{id=1, foodName='Chicken Breast', foodType='Meat', servingSize=1.0 Ounce, calories=37, fat=0.3g, carbs=0.0g, protein=8.5g}, Food{id=2, foodName='White Rice', foodType='Grain', servingSize=1.0 Cup, calories=242, fat=0.4g, carbs=53.0g, protein=4.3g}]
[DEBUG] 2025-02-27 17:46:49.039 [main] GenericDao - The list of [User{id=1, accessPrivileges='admin', firstName='Alex', lastName='Burgy', email='aburgy@madisoncollege.edu', userWeight=200 lbs, birthDate='1/01/1984'}]
[DEBUG] 2025-02-27 17:46:49.593 [main] GenericDao - The list of [Food{id=1, foodName='Chicken Breast', foodType='Meat', servingSize=1.0 Ounce, calories=37, fat=0.3g, carbs=0.0g, protein=8.5g}, Food{id=2, foodName='White Rice', foodType='Grain', servingSize=1.0 Cup, calories=242, fat=0.4g, carbs=53.0g, protein=4.3g}]
[DEBUG] 2025-02-27 17:46:50.458 [main] GenericDao - The list of [UserFood{id=1, date='2025-02-15', servingSize=5.0, mealTime='Lunch', totalCalories=185.0, totalProtein=43.0, totalCarbs=0.0, totalFats=2.0}, UserFood{id=2, date='2025-02-20', servingSize=1.0, mealTime='Lunch', totalCalories=242.0, totalProtein=4.3, totalCarbs=53.0, totalFats=0.4}]
[DEBUG] 2025-02-27 17:51:11.867 [main] GenericDao - The list of [Food{id=1, foodName='Chicken Breast', foodType='Meat', servingSize=1.0 Ounce, calories=37, fat=0.3g, carbs=0.0g, protein=8.5g}, Food{id=2, foodName='White Rice', foodType='Grain', servingSize=1.0 Cup, calories=242, fat=0.4g, carbs=53.0g, protein=4.3g}]
[DEBUG] 2025-02-27 17:51:13.135 [main] GenericDao - The list of [User{id=1, accessPrivileges='admin', firstName='Alex', lastName='Burgy', email='aburgy@madisoncollege.edu', userWeight=200 lbs, birthDate='1/01/1984'}]
[DEBUG] 2025-02-27 17:51:13.688 [main] GenericDao - The list of [Food{id=1, foodName='Chicken Breast', foodType='Meat', servingSize=1.0 Ounce, calories=37, fat=0.3g, carbs=0.0g, protein=8.5g}, Food{id=2, foodName='White Rice', foodType='Grain', servingSize=1.0 Cup, calories=242, fat=0.4g, carbs=53.0g, protein=4.3g}]
[DEBUG] 2025-02-27 17:51:14.615 [main] GenericDao - The list of [UserFood{id=1, date='2025-02-15', servingSize=5.0, mealTime='Lunch', totalCalories=185.0, totalProtein=43.0, totalCarbs=0.0, totalFats=2.0}, UserFood{id=2, date='2025-02-20', servingSize=1.0, mealTime='Lunch', totalCalories=242.0, totalProtein=4.3, totalCarbs=53.0, totalFats=0.4}]
[DEBUG] 2025-02-27 17:52:57.840 [main] GenericDao - The list of [Food{id=1, foodName='Chicken Breast', foodType='Meat', servingSize=1.0 Ounce, calories=37, fat=0.3g, carbs=0.0g, protein=8.5g}, Food{id=2, foodName='White Rice', foodType='Grain', servingSize=1.0 Cup, calories=242, fat=0.4g, carbs=53.0g, protein=4.3g}]
[DEBUG] 2025-02-27 17:52:59.179 [main] GenericDao - The list of [User{id=1, accessPrivileges='admin', firstName='Alex', lastName='Burgy', email='aburgy@madisoncollege.edu', userWeight=200 lbs, birthDate='1/01/1984'}]
[DEBUG] 2025-02-27 17:52:59.759 [main] GenericDao - The list of [Food{id=1, foodName='Chicken Breast', foodType='Meat', servingSize=1.0 Ounce, calories=37, fat=0.3g, carbs=0.0g, protein=8.5g}, Food{id=2, foodName='White Rice', foodType='Grain', servingSize=1.0 Cup, calories=242, fat=0.4g, carbs=53.0g, protein=4.3g}]
[DEBUG] 2025-02-27 17:53:00.608 [main] GenericDao - The list of [UserFood{id=1, date='2025-02-15', servingSize=5.0, mealTime='Lunch', totalCalories=185.0, totalProtein=43.0, totalCarbs=0.0, totalFats=2.0}, UserFood{id=2, date='2025-02-20', servingSize=1.0, mealTime='Lunch', totalCalories=242.0, totalProtein=4.3, totalCarbs=53.0, totalFats=0.4}]
[DEBUG] 2025-02-27 17:54:40.218 [main] GenericDao - The list of [Food{id=1, foodName='Chicken Breast', foodType='Meat', servingSize=1.0 Ounce, calories=37, fat=0.3g, carbs=0.0g, protein=8.5g}, Food{id=2, foodName='White Rice', foodType='Grain', servingSize=1.0 Cup, calories=242, fat=0.4g, carbs=53.0g, protein=4.3g}]
[DEBUG] 2025-02-27 17:54:41.420 [main] GenericDao - The list of [User{id=1, accessPrivileges='admin', firstName='Alex', lastName='Burgy', email='aburgy@madisoncollege.edu', userWeight=200 lbs, birthDate='1/01/1984'}]
[DEBUG] 2025-02-27 17:54:42.050 [main] GenericDao - The list of [Food{id=1, foodName='Chicken Breast', foodType='Meat', servingSize=1.0 Ounce, calories=37, fat=0.3g, carbs=0.0g, protein=8.5g}, Food{id=2, foodName='White Rice', foodType='Grain', servingSize=1.0 Cup, calories=242, fat=0.4g, carbs=53.0g, protein=4.3g}]
[DEBUG] 2025-02-27 17:54:42.961 [main] GenericDao - The list of [UserFood{id=1, date='2025-02-15', servingSize=5.0, mealTime='Lunch', totalCalories=185.0, totalProtein=43.0, totalCarbs=0.0, totalFats=2.0}, UserFood{id=2, date='2025-02-20', servingSize=1.0, mealTime='Lunch', totalCalories=242.0, totalProtein=4.3, totalCarbs=53.0, totalFats=0.4}]
[DEBUG] 2025-02-27 17:59:05.869 [main] GenericDao - The list of [Food{id=1, foodName='Chicken Breast', foodType='Meat', servingSize=1.0 Ounce, calories=37, fat=0.3g, carbs=0.0g, protein=8.5g}, Food{id=2, foodName='White Rice', foodType='Grain', servingSize=1.0 Cup, calories=242, fat=0.4g, carbs=53.0g, protein=4.3g}]
[DEBUG] 2025-02-27 17:59:06.976 [main] GenericDao - The list of [User{id=1, accessPrivileges='admin', firstName='Alex', lastName='Burgy', email='aburgy@madisoncollege.edu', userWeight=200 lbs, birthDate='1/01/1984'}]
[DEBUG] 2025-02-27 17:59:07.498 [main] GenericDao - The list of [Food{id=1, foodName='Chicken Breast', foodType='Meat', servingSize=1.0 Ounce, calories=37, fat=0.3g, carbs=0.0g, protein=8.5g}, Food{id=2, foodName='White Rice', foodType='Grain', servingSize=1.0 Cup, calories=242, fat=0.4g, carbs=53.0g, protein=4.3g}]
[DEBUG] 2025-02-27 17:59:08.279 [main] GenericDao - The list of [UserFood{id=1, date='2025-02-15', servingSize=5.0, mealTime='Lunch', totalCalories=185.0, totalProtein=43.0, totalCarbs=0.0, totalFats=2.0}, UserFood{id=2, date='2025-02-20', servingSize=1.0, mealTime='Lunch', totalCalories=242.0, totalProtein=4.3, totalCarbs=53.0, totalFats=0.4}]
[DEBUG] 2025-02-27 18:00:15.229 [main] GenericDao - The list of [Food{id=1, foodName='Chicken Breast', foodType='Meat', servingSize=1.0 Ounce, calories=37, fat=0.3g, carbs=0.0g, protein=8.5g}, Food{id=2, foodName='White Rice', foodType='Grain', servingSize=1.0 Cup, calories=242, fat=0.4g, carbs=53.0g, protein=4.3g}]
[DEBUG] 2025-02-27 18:00:16.477 [main] GenericDao - The list of [User{id=1, accessPrivileges='admin', firstName='Alex', lastName='Burgy', email='aburgy@madisoncollege.edu', userWeight=200 lbs, birthDate='1/01/1984'}]
[DEBUG] 2025-02-27 18:00:17.048 [main] GenericDao - The list of [Food{id=1, foodName='Chicken Breast', foodType='Meat', servingSize=1.0 Ounce, calories=37, fat=0.3g, carbs=0.0g, protein=8.5g}, Food{id=2, foodName='White Rice', foodType='Grain', servingSize=1.0 Cup, calories=242, fat=0.4g, carbs=53.0g, protein=4.3g}]
[DEBUG] 2025-02-27 18:00:17.981 [main] GenericDao - The list of [UserFood{id=1, date='2025-02-15', servingSize=5.0, mealTime='Lunch', totalCalories=185.0, totalProtein=43.0, totalCarbs=0.0, totalFats=2.0}, UserFood{id=2, date='2025-02-20', servingSize=1.0, mealTime='Lunch', totalCalories=242.0, totalProtein=4.3, totalCarbs=53.0, totalFats=0.4}]
[DEBUG] 2025-02-27 18:07:27.023 [main] GenericDao - The list of [Food{id=1, foodName='Chicken Breast', foodType='Meat', servingSize=1.0 Ounce, calories=37, fat=0.3g, carbs=0.0g, protein=8.5g}, Food{id=2, foodName='White Rice', foodType='Grain', servingSize=1.0 Cup, calories=242, fat=0.4g, carbs=53.0g, protein=4.3g}]
[DEBUG] 2025-02-27 18:07:28.369 [main] GenericDao - The list of [User{id=1, accessPrivileges='admin', firstName='Alex', lastName='Burgy', email='aburgy@madisoncollege.edu', userWeight=200 lbs, birthDate='1/01/1984'}]
[DEBUG] 2025-02-27 18:07:28.928 [main] GenericDao - The list of [Food{id=1, foodName='Chicken Breast', foodType='Meat', servingSize=1.0 Ounce, calories=37, fat=0.3g, carbs=0.0g, protein=8.5g}, Food{id=2, foodName='White Rice', foodType='Grain', servingSize=1.0 Cup, calories=242, fat=0.4g, carbs=53.0g, protein=4.3g}]
[DEBUG] 2025-02-27 18:07:29.802 [main] GenericDao - The list of [UserFood{id=1, date='2025-02-15', servingSize=5.0, mealTime='Lunch', totalCalories=185.0, totalProtein=43.0, totalCarbs=0.0, totalFats=2.0}, UserFood{id=2, date='2025-02-20', servingSize=1.0, mealTime='Lunch', totalCalories=242.0, totalProtein=4.3, totalCarbs=53.0, totalFats=0.4}]
[DEBUG] 2025-02-27 18:09:16.353 [main] GenericDao - The list of [Food{id=1, foodName='Chicken Breast', foodType='Meat', servingSize=1.0 Ounce, calories=37, fat=0.3g, carbs=0.0g, protein=8.5g}, Food{id=2, foodName='White Rice', foodType='Grain', servingSize=1.0 Cup, calories=242, fat=0.4g, carbs=53.0g, protein=4.3g}]
[DEBUG] 2025-02-27 18:09:17.628 [main] GenericDao - The list of [User{id=1, accessPrivileges='admin', firstName='Alex', lastName='Burgy', email='aburgy@madisoncollege.edu', userWeight=200 lbs, birthDate='1/01/1984'}]
[DEBUG] 2025-02-27 18:09:18.228 [main] GenericDao - The list of [Food{id=1, foodName='Chicken Breast', foodType='Meat', servingSize=1.0 Ounce, calories=37, fat=0.3g, carbs=0.0g, protein=8.5g}, Food{id=2, foodName='White Rice', foodType='Grain', servingSize=1.0 Cup, calories=242, fat=0.4g, carbs=53.0g, protein=4.3g}]
[DEBUG] 2025-02-27 18:09:19.055 [main] GenericDao - The list of [UserFood{id=1, date='2025-02-15', servingSize=5.0, mealTime='Lunch', totalCalories=185.0, totalProtein=43.0, totalCarbs=0.0, totalFats=2.0}, UserFood{id=2, date='2025-02-20', servingSize=1.0, mealTime='Lunch', totalCalories=242.0, totalProtein=4.3, totalCarbs=53.0, totalFats=0.4}]
